WARNING: user/src/IROM.sv:57: $readmemh(user/data/hex/jop_zicfilp_off.hex): Not enough words in the file for the requested range [0:16383].
WARNING: user/src/DRAM.sv:32: $readmemh: The behaviour for reg[...] mem[N:0]; $readmemh("...", mem); changed in the 1364-2005 standard. To avoid ambiguity, use mem[0:N] or explicit range parameters $readmemh("...", mem, start, stop);. Defaulting to 1364-2005 behavior.
WARNING: user/src/DRAM.sv:32: $readmemh(user/data/hex/jop_zicfilp_off.hex): Not enough words in the file for the requested range [0:16383].
DRAM: Loaded memory image from user/data/hex/jop_zicfilp_off.hex
VCD info: dumpfile prj/icarus/wave.vcd opened for output.
VCD warning: $dumpvars: Package ($unit) is not dumpable with VCD.
========================================
Time    |     PC    |Instruction| Stage
========================================
========================================
CPU Reset Released at time 5000
========================================
5000	| 00000000	|  00010117	| IF
15000	| 00000004	|  f0010113	| IF
15000	| 00000000	|  00010117	| ID
25000	| 00000008	|  00000297	| IF
25000	| 00000004	|  f0010113	| ID
25000	| 00000000	|  00010117	| EX
35000	| 0000000c	|  06028293	| IF
35000	| 00000008	|  00000297	| ID
35000	| 00000004	|  f0010113	| EX
45000	|  x2     <= 0x00010000 |[WB]
45000	| 00000010	|  30529073	| IF
45000	| 0000000c	|  06028293	| ID
45000	| 00000008	|  00000297	| EX
55000	| 00000014	|  00c00293	| IF
55000	| 00000010	|  30529073	| ID
55000	| 0000000c	|  06028293	| EX
55000	|  x2     <= 0x0000ff00 |[WB]
65000	|  x5     <= 0x00000008 |[WB]
65000	| 00000018	|  30a29073	| IF
65000	| 00000014	|  00c00293	| ID
65000	| 00000010	|  30529073	| EX
75000	| 0000001c	|  10a29073	| IF
75000	| 00000018	|  30a29073	| ID
75000	| 00000014	|  00c00293	| EX
75000	|  x5     <= 0x00000068 |[WB]
85000	| 00000020	|  000032b7	| IF
85000	| 0000001c	|  10a29073	| ID
85000	| 00000018	|  30a29073	| EX
95000	| 00000024	|  40028293	| IF
95000	| 00000020	|  000032b7	| ID
95000	| 0000001c	|  10a29073	| EX
95000	|  x5     <= 0x0000000c |[WB]
105000	| 00000028	|  01129073	| IF
105000	| 00000024	|  40028293	| ID
105000	| 00000020	|  000032b7	| EX
115000	| 0000002c	|  000022b7	| IF
115000	| 00000028	|  01129073	| ID
115000	| 00000024	|  40028293	| EX
125000	|  x5     <= 0x00003000 |[WB]
125000	| 00000030	|  80028293	| IF
125000	| 0000002c	|  000022b7	| ID
125000	| 00000028	|  01129073	| EX
135000	| 00000034	|  3002b073	| IF
135000	| 00000030	|  80028293	| ID
135000	| 0000002c	|  000022b7	| EX
135000	|  x5     <= 0x00003400 |[WB]
145000	| 00000038	|  000012b7	| IF
145000	| 00000034	|  3002b073	| ID
145000	| 00000030	|  80028293	| EX
155000	| 0000003c	|  80028293	| IF
155000	| 00000038	|  000012b7	| ID
155000	| 00000034	|  3002b073	| EX
155000	|  x5     <= 0x00002000 |[WB]
165000	|  x5     <= 0x00001800 |[WB]
165000	| 00000040	|  3002a073	| IF
165000	| 0000003c	|  80028293	| ID
165000	| 00000038	|  000012b7	| EX
175000	| 00000044	|  00000297	| IF
175000	| 00000040	|  3002a073	| ID
175000	| 0000003c	|  80028293	| EX
185000	|  x5     <= 0x00001000 |[WB]
185000	| 00000048	|  01028293	| IF
185000	| 00000044	|  00000297	| ID
185000	| 00000040	|  3002a073	| EX
195000	| 0000004c	|  34129073	| IF
195000	| 00000048	|  01028293	| ID
195000	| 00000044	|  00000297	| EX
195000	|  x5     <= 0x00000800 |[WB]
205000	| 00000050	|  30200073	| IF
205000	| 0000004c	|  34129073	| ID
205000	| 00000048	|  01028293	| EX
215000	| 00000054	|  00010117	| IF
215000	| 00000050	|  30200073	| ID
215000	| 0000004c	|  34129073	| EX
215000	|  x5     <= 0x00000044 |[WB]
225000	|  x5     <= 0x00000054 |[WB]
225000	| 00000058	|  eac10113	| IF
225000	| 00000054	|  00010117	| ID
225000	| 00000050	|  30200073	| EX
235000	| 00000054	|  00010117	| IF
245000	| 00000058	|  eac10113	| IF
245000	| 00000054	|  00010117	| ID
255000	| 0000005c	|  0a0000ef	| IF
255000	| 00000058	|  eac10113	| ID
255000	| 00000054	|  00010117	| EX
265000	| 00000060	|  02000513	| IF
265000	| 0000005c	|  0a0000ef	| ID
265000	| 00000058	|  eac10113	| EX
275000	| 00000064	|  0800006f	| IF
275000	| 00000060	|  02000513	| ID
275000	| 0000005c	|  0a0000ef	| EX
275000	|  x2     <= 0x00010054 |[WB]
285000	|  x2     <= 0x0000ff00 |[WB]
285000	| 000000fc	|  ff010113	| IF
295000	| 00000100	|  11110737	| IF
295000	| 000000fc	|  ff010113	| ID
295000	|  x1     <= 0x00000060 |[WB]
305000	| 00000104	|  12e02a23	| IF
305000	| 00000100	|  11110737	| ID
305000	| 000000fc	|  ff010113	| EX
315000	| 00000108	|  00812423	| IF
315000	| 00000104	|  12e02a23	| ID
315000	| 00000100	|  11110737	| EX
325000	|  x2     <= 0x0000fef0 |[WB]
325000	| 0000010c	|  0cc00793	| IF
325000	| 00000108	|  00812423	| ID
325000	| 00000104	|  12e02a23	| EX
335000	| 00000110	|  12002c23	| IF
335000	| 0000010c	|  0cc00793	| ID
335000	| 00000108	|  00812423	| EX
335000	| 0x004d <|  0x11110000 |[MEM W] (we=1111)
335000	|  x14    <= 0x11110000 |[WB]
345000	| 00000114	|  12f02823	| IF
345000	| 00000110	|  12002c23	| ID
345000	| 0000010c	|  0cc00793	| EX
345000	| 0x3fbe <|  0xxxxxxxxx |[MEM W] (we=1111)
355000	| 00000118	|  00112623	| IF
355000	| 00000114	|  12f02823	| ID
355000	| 00000110	|  12002c23	| EX
365000	|  x15    <= 0x000000cc |[WB]
365000	| 0000011c	|  fb9ff0ef	| IF
365000	| 00000118	|  00112623	| ID
365000	| 00000114	|  12f02823	| EX
365000	| 0x004e <|  0x00000000 |[MEM W] (we=1111)
375000	| 00000120	|  00200793	| IF
375000	| 0000011c	|  fb9ff0ef	| ID
375000	| 00000118	|  00112623	| EX
375000	| 0x004c <|  0x000000cc |[MEM W] (we=1111)
385000	| 00000124	|  02000513	| IF
385000	| 00000120	|  00200793	| ID
385000	| 0000011c	|  fb9ff0ef	| EX
385000	| 0x3fbf <|  0x00000060 |[MEM W] (we=1111)
395000	| 000000d4	|  00100713	| IF
405000	|  x1     <= 0x00000120 |[WB]
405000	| 000000d8	|  12e02c23	| IF
405000	| 000000d4	|  00100713	| ID
415000	| 000000dc	|  13002783	| IF
415000	| 000000d8	|  12e02c23	| ID
415000	| 000000d4	|  00100713	| EX
425000	| 000000e0	|  00078067	| IF
425000	| 000000dc	|  13002783	| ID
425000	| 000000d8	|  12e02c23	| EX
435000	| 000000e4	|  dead07b7	| IF
435000	| 000000e0	|  00078067	| ID
435000	| 000000dc	|  13002783	| EX
435000	| 0x004e <|  0x00000001 |[MEM W] (we=1111)
435000	|  x14    <= 0x00000001 |[WB]
445000	| 000000e4	|  dead07b7	| IF
445000	| 000000e0	|  00078067	| ID
455000	| 000000e4	|  dead07b7	| IF
455000	| 000000e0	|  00078067	| ID
455000	| 0x0000  |> 0x000000cc |[MEM R]
455000	|  x15    <= 0x000000cc |[WB]
465000	| 000000e8	|  00f567b3	| IF
465000	| 000000e4	|  dead07b7	| ID
465000	| 000000e0	|  00078067	| EX
475000	| 000000cc	|  06300513	| IF
485000	| 000000d0	|  00008067	| IF
485000	| 000000cc	|  06300513	| ID
495000	| 00000068	|  342022f3	| IF
505000	| 0000006c	|  34102373	| IF
505000	| 00000068	|  342022f3	| ID
515000	| 00000070	|  343023f3	| IF
515000	| 0000006c	|  34102373	| ID
515000	| 00000068	|  342022f3	| EX
525000	| 00000074	|  00028293	| IF
525000	| 00000070	|  343023f3	| ID
525000	| 0000006c	|  34102373	| EX
535000	| 00000078	|  00030313	| IF
535000	| 00000074	|  00028293	| ID
535000	| 00000070	|  343023f3	| EX
535000	|  x5     <= 0x00000012 |[WB]
545000	|  x6     <= 0x000000cc |[WB]
545000	| 0000007c	|  00038393	| IF
545000	| 00000078	|  00030313	| ID
545000	| 00000074	|  00028293	| EX
555000	| 00000080	|  01200e13	| IF
555000	| 0000007c	|  00038393	| ID
555000	| 00000078	|  00030313	| EX
555000	|  x7     <= 0x00000002 |[WB]
565000	|  x5     <= 0x00000012 |[WB]
565000	| 00000084	|  03c29263	| IF
565000	| 00000080	|  01200e13	| ID
565000	| 0000007c	|  00038393	| EX
575000	| 00000088	|  00200e13	| IF
575000	| 00000084	|  03c29263	| ID
575000	| 00000080	|  01200e13	| EX
575000	|  x6     <= 0x000000cc |[WB]
585000	|  x7     <= 0x00000002 |[WB]
585000	| 0000008c	|  03c39463	| IF
585000	| 00000088	|  00200e13	| ID
585000	| 00000084	|  03c29263	| EX
595000	| 00000090	|  00000e17	| IF
595000	| 0000008c	|  03c39463	| ID
595000	| 00000088	|  00200e13	| EX
595000	|  x28    <= 0x00000012 |[WB]
605000	| 00000094	|  03ce0e13	| IF
605000	| 00000090	|  00000e17	| ID
605000	| 0000008c	|  03c39463	| EX
615000	| 00000098	|  03c31463	| IF
615000	| 00000094	|  03ce0e13	| ID
615000	| 00000090	|  00000e17	| EX
615000	|  x28    <= 0x00000002 |[WB]
625000	| 0000009c	|  00100e13	| IF
625000	| 00000098	|  03c31463	| ID
625000	| 00000094	|  03ce0e13	| EX
635000	| 000000a0	|  00000e93	| IF
635000	| 0000009c	|  00100e13	| ID
635000	| 00000098	|  03c31463	| EX
635000	|  x28    <= 0x00000090 |[WB]
645000	|  x28    <= 0x000000cc |[WB]
645000	| 000000a4	|  0000006f	| IF
645000	| 000000a0	|  00000e93	| ID
645000	| 0000009c	|  00100e13	| EX
655000	| 000000a8	|  0e100e13	| IF
655000	| 000000a4	|  0000006f	| ID
655000	| 000000a0	|  00000e93	| EX
665000	|  x28    <= 0x00000001 |[WB]
665000	| 000000ac	|  00100e93	| IF
665000	| 000000a8	|  0e100e13	| ID
665000	| 000000a4	|  0000006f	| EX
675000	| 000000a4	|  0000006f	| IF
675000	|  x29    <= 0x00000000 |[WB]
685000	| 000000a8	|  0e100e13	| IF
685000	| 000000a4	|  0000006f	| ID
695000	| 000000ac	|  00100e93	| IF
695000	| 000000a8	|  0e100e13	| ID
695000	| 000000a4	|  0000006f	| EX
705000	| 000000a4	|  0000006f	| IF
715000	| 000000a8	|  0e100e13	| IF
715000	| 000000a4	|  0000006f	| ID
725000	| 000000ac	|  00100e93	| IF
725000	| 000000a8	|  0e100e13	| ID
725000	| 000000a4	|  0000006f	| EX
735000	| 000000a4	|  0000006f	| IF
745000	| 000000a8	|  0e100e13	| IF
745000	| 000000a4	|  0000006f	| ID
755000	| 000000ac	|  00100e93	| IF
755000	| 000000a8	|  0e100e13	| ID
755000	| 000000a4	|  0000006f	| EX
765000	| 000000a4	|  0000006f	| IF
775000	| 000000a8	|  0e100e13	| IF
775000	| 000000a4	|  0000006f	| ID
785000	| 000000ac	|  00100e93	| IF
785000	| 000000a8	|  0e100e13	| ID
785000	| 000000a4	|  0000006f	| EX
795000	| 000000a4	|  0000006f	| IF
805000	| 000000a8	|  0e100e13	| IF
805000	| 000000a4	|  0000006f	| ID
815000	| 000000ac	|  00100e93	| IF
815000	| 000000a8	|  0e100e13	| ID
815000	| 000000a4	|  0000006f	| EX
825000	| 000000a4	|  0000006f	| IF
835000	| 000000a8	|  0e100e13	| IF
835000	| 000000a4	|  0000006f	| ID
845000	| 000000ac	|  00100e93	| IF
845000	| 000000a8	|  0e100e13	| ID
845000	| 000000a4	|  0000006f	| EX
855000	| 000000a4	|  0000006f	| IF
865000	| 000000a8	|  0e100e13	| IF
865000	| 000000a4	|  0000006f	| ID
875000	| 000000ac	|  00100e93	| IF
875000	| 000000a8	|  0e100e13	| ID
875000	| 000000a4	|  0000006f	| EX
885000	| 000000a4	|  0000006f	| IF
895000	| 000000a8	|  0e100e13	| IF
895000	| 000000a4	|  0000006f	| ID
905000	| 000000ac	|  00100e93	| IF
905000	| 000000a8	|  0e100e13	| ID
905000	| 000000a4	|  0000006f	| EX
915000	| 000000a4	|  0000006f	| IF
925000	| 000000a8	|  0e100e13	| IF
925000	| 000000a4	|  0000006f	| ID
935000	| 000000ac	|  00100e93	| IF
935000	| 000000a8	|  0e100e13	| ID
935000	| 000000a4	|  0000006f	| EX
945000	| 000000a4	|  0000006f	| IF
955000	| 000000a8	|  0e100e13	| IF
955000	| 000000a4	|  0000006f	| ID
965000	| 000000ac	|  00100e93	| IF
965000	| 000000a8	|  0e100e13	| ID
965000	| 000000a4	|  0000006f	| EX
975000	| 000000a4	|  0000006f	| IF
985000	| 000000a8	|  0e100e13	| IF
985000	| 000000a4	|  0000006f	| ID
995000	| 000000ac	|  00100e93	| IF
995000	| 000000a8	|  0e100e13	| ID
995000	| 000000a4	|  0000006f	| EX
1005000	| 000000a4	|  0000006f	| IF
1015000	| 000000a8	|  0e100e13	| IF
1015000	| 000000a4	|  0000006f	| ID
1025000	| 000000ac	|  00100e93	| IF
1025000	| 000000a8	|  0e100e13	| ID
1025000	| 000000a4	|  0000006f	| EX
1035000	| 000000a4	|  0000006f	| IF
1045000	| 000000a8	|  0e100e13	| IF
1045000	| 000000a4	|  0000006f	| ID
1055000	| 000000ac	|  00100e93	| IF
1055000	| 000000a8	|  0e100e13	| ID
1055000	| 000000a4	|  0000006f	| EX
1065000	| 000000a4	|  0000006f	| IF
1075000	| 000000a8	|  0e100e13	| IF
1075000	| 000000a4	|  0000006f	| ID
1085000	| 000000ac	|  00100e93	| IF
1085000	| 000000a8	|  0e100e13	| ID
1085000	| 000000a4	|  0000006f	| EX
1095000	| 000000a4	|  0000006f	| IF
1105000	| 000000a8	|  0e100e13	| IF
1105000	| 000000a4	|  0000006f	| ID
1115000	| 000000ac	|  00100e93	| IF
1115000	| 000000a8	|  0e100e13	| ID
1115000	| 000000a4	|  0000006f	| EX
1125000	| 000000a4	|  0000006f	| IF
1135000	| 000000a8	|  0e100e13	| IF
1135000	| 000000a4	|  0000006f	| ID
1145000	| 000000ac	|  00100e93	| IF
1145000	| 000000a8	|  0e100e13	| ID
1145000	| 000000a4	|  0000006f	| EX
1155000	| 000000a4	|  0000006f	| IF
1165000	| 000000a8	|  0e100e13	| IF
1165000	| 000000a4	|  0000006f	| ID
1175000	| 000000ac	|  00100e93	| IF
1175000	| 000000a8	|  0e100e13	| ID
1175000	| 000000a4	|  0000006f	| EX
1185000	| 000000a4	|  0000006f	| IF
1195000	| 000000a8	|  0e100e13	| IF
1195000	| 000000a4	|  0000006f	| ID
1205000	| 000000ac	|  00100e93	| IF
1205000	| 000000a8	|  0e100e13	| ID
1205000	| 000000a4	|  0000006f	| EX
1215000	| 000000a4	|  0000006f	| IF
1225000	| 000000a8	|  0e100e13	| IF
1225000	| 000000a4	|  0000006f	| ID
1235000	| 000000ac	|  00100e93	| IF
1235000	| 000000a8	|  0e100e13	| ID
1235000	| 000000a4	|  0000006f	| EX
1245000	| 000000a4	|  0000006f	| IF
1255000	| 000000a8	|  0e100e13	| IF
1255000	| 000000a4	|  0000006f	| ID
1265000	| 000000ac	|  00100e93	| IF
1265000	| 000000a8	|  0e100e13	| ID
1265000	| 000000a4	|  0000006f	| EX
1275000	| 000000a4	|  0000006f	| IF
1285000	| 000000a8	|  0e100e13	| IF
1285000	| 000000a4	|  0000006f	| ID
1295000	| 000000ac	|  00100e93	| IF
1295000	| 000000a8	|  0e100e13	| ID
1295000	| 000000a4	|  0000006f	| EX
1305000	| 000000a4	|  0000006f	| IF
1315000	| 000000a8	|  0e100e13	| IF
1315000	| 000000a4	|  0000006f	| ID
1325000	| 000000ac	|  00100e93	| IF
1325000	| 000000a8	|  0e100e13	| ID
1325000	| 000000a4	|  0000006f	| EX
1335000	| 000000a4	|  0000006f	| IF
1345000	| 000000a8	|  0e100e13	| IF
1345000	| 000000a4	|  0000006f	| ID
1355000	| 000000ac	|  00100e93	| IF
1355000	| 000000a8	|  0e100e13	| ID
1355000	| 000000a4	|  0000006f	| EX
1365000	| 000000a4	|  0000006f	| IF
1375000	| 000000a8	|  0e100e13	| IF
1375000	| 000000a4	|  0000006f	| ID
1385000	| 000000ac	|  00100e93	| IF
1385000	| 000000a8	|  0e100e13	| ID
1385000	| 000000a4	|  0000006f	| EX
1395000	| 000000a4	|  0000006f	| IF
1405000	| 000000a8	|  0e100e13	| IF
1405000	| 000000a4	|  0000006f	| ID
1415000	| 000000ac	|  00100e93	| IF
1415000	| 000000a8	|  0e100e13	| ID
1415000	| 000000a4	|  0000006f	| EX
1425000	| 000000a4	|  0000006f	| IF
1435000	| 000000a8	|  0e100e13	| IF
1435000	| 000000a4	|  0000006f	| ID
1445000	| 000000ac	|  00100e93	| IF
1445000	| 000000a8	|  0e100e13	| ID
1445000	| 000000a4	|  0000006f	| EX
1455000	| 000000a4	|  0000006f	| IF
1465000	| 000000a8	|  0e100e13	| IF
1465000	| 000000a4	|  0000006f	| ID
1475000	| 000000ac	|  00100e93	| IF
1475000	| 000000a8	|  0e100e13	| ID
1475000	| 000000a4	|  0000006f	| EX
1485000	| 000000a4	|  0000006f	| IF
1495000	| 000000a8	|  0e100e13	| IF
1495000	| 000000a4	|  0000006f	| ID
1505000	| 000000ac	|  00100e93	| IF
1505000	| 000000a8	|  0e100e13	| ID
1505000	| 000000a4	|  0000006f	| EX
1515000	| 000000a4	|  0000006f	| IF
1525000	| 000000a8	|  0e100e13	| IF
1525000	| 000000a4	|  0000006f	| ID
1535000	| 000000ac	|  00100e93	| IF
1535000	| 000000a8	|  0e100e13	| ID
1535000	| 000000a4	|  0000006f	| EX
1545000	| 000000a4	|  0000006f	| IF
1555000	| 000000a8	|  0e100e13	| IF
1555000	| 000000a4	|  0000006f	| ID
1565000	| 000000ac	|  00100e93	| IF
1565000	| 000000a8	|  0e100e13	| ID
1565000	| 000000a4	|  0000006f	| EX
1575000	| 000000a4	|  0000006f	| IF
1585000	| 000000a8	|  0e100e13	| IF
1585000	| 000000a4	|  0000006f	| ID
1595000	| 000000ac	|  00100e93	| IF
1595000	| 000000a8	|  0e100e13	| ID
1595000	| 000000a4	|  0000006f	| EX
1605000	| 000000a4	|  0000006f	| IF
1615000	| 000000a8	|  0e100e13	| IF
1615000	| 000000a4	|  0000006f	| ID
1625000	| 000000ac	|  00100e93	| IF
1625000	| 000000a8	|  0e100e13	| ID
1625000	| 000000a4	|  0000006f	| EX
1635000	| 000000a4	|  0000006f	| IF
1645000	| 000000a8	|  0e100e13	| IF
1645000	| 000000a4	|  0000006f	| ID
1655000	| 000000ac	|  00100e93	| IF
1655000	| 000000a8	|  0e100e13	| ID
1655000	| 000000a4	|  0000006f	| EX
1665000	| 000000a4	|  0000006f	| IF
1675000	| 000000a8	|  0e100e13	| IF
1675000	| 000000a4	|  0000006f	| ID
1685000	| 000000ac	|  00100e93	| IF
1685000	| 000000a8	|  0e100e13	| ID
1685000	| 000000a4	|  0000006f	| EX
1695000	| 000000a4	|  0000006f	| IF
1705000	| 000000a8	|  0e100e13	| IF
1705000	| 000000a4	|  0000006f	| ID
1715000	| 000000ac	|  00100e93	| IF
1715000	| 000000a8	|  0e100e13	| ID
1715000	| 000000a4	|  0000006f	| EX
1725000	| 000000a4	|  0000006f	| IF
1735000	| 000000a8	|  0e100e13	| IF
1735000	| 000000a4	|  0000006f	| ID
1745000	| 000000ac	|  00100e93	| IF
1745000	| 000000a8	|  0e100e13	| ID
1745000	| 000000a4	|  0000006f	| EX
1755000	| 000000a4	|  0000006f	| IF
1765000	| 000000a8	|  0e100e13	| IF
1765000	| 000000a4	|  0000006f	| ID
1775000	| 000000ac	|  00100e93	| IF
1775000	| 000000a8	|  0e100e13	| ID
1775000	| 000000a4	|  0000006f	| EX
1785000	| 000000a4	|  0000006f	| IF
1795000	| 000000a8	|  0e100e13	| IF
1795000	| 000000a4	|  0000006f	| ID
1805000	| 000000ac	|  00100e93	| IF
1805000	| 000000a8	|  0e100e13	| ID
1805000	| 000000a4	|  0000006f	| EX
1815000	| 000000a4	|  0000006f	| IF
1825000	| 000000a8	|  0e100e13	| IF
1825000	| 000000a4	|  0000006f	| ID
1835000	| 000000ac	|  00100e93	| IF
1835000	| 000000a8	|  0e100e13	| ID
1835000	| 000000a4	|  0000006f	| EX
1845000	| 000000a4	|  0000006f	| IF
1855000	| 000000a8	|  0e100e13	| IF
1855000	| 000000a4	|  0000006f	| ID
1865000	| 000000ac	|  00100e93	| IF
1865000	| 000000a8	|  0e100e13	| ID
1865000	| 000000a4	|  0000006f	| EX
1875000	| 000000a4	|  0000006f	| IF
1885000	| 000000a8	|  0e100e13	| IF
1885000	| 000000a4	|  0000006f	| ID
1895000	| 000000ac	|  00100e93	| IF
1895000	| 000000a8	|  0e100e13	| ID
1895000	| 000000a4	|  0000006f	| EX
1905000	| 000000a4	|  0000006f	| IF
1915000	| 000000a8	|  0e100e13	| IF
1915000	| 000000a4	|  0000006f	| ID
1925000	| 000000ac	|  00100e93	| IF
1925000	| 000000a8	|  0e100e13	| ID
1925000	| 000000a4	|  0000006f	| EX
1935000	| 000000a4	|  0000006f	| IF
1945000	| 000000a8	|  0e100e13	| IF
1945000	| 000000a4	|  0000006f	| ID
1955000	| 000000ac	|  00100e93	| IF
1955000	| 000000a8	|  0e100e13	| ID
1955000	| 000000a4	|  0000006f	| EX
1965000	| 000000a4	|  0000006f	| IF
1975000	| 000000a8	|  0e100e13	| IF
1975000	| 000000a4	|  0000006f	| ID
1985000	| 000000ac	|  00100e93	| IF
1985000	| 000000a8	|  0e100e13	| ID
1985000	| 000000a4	|  0000006f	| EX
1995000	| 000000a4	|  0000006f	| IF
========================================
Simulation finished at time 2005000
========================================

========================================
Register File Contents:
========================================
x1	= 0x00000120	(288)
x2	= 0x0000fef0	(65264)
x5	= 0x00000012	(18)
x6	= 0x000000cc	(204)
x7	= 0x00000002	(2)
x14	= 0x00000001	(1)
x15	= 0x000000cc	(204)
x28	= 0x00000001	(1)
========================================

user/sim/tb_CPU_TOP.sv:170: $finish called at 2005000 (1ps)
2005000	| 000000a8	|  0e100e13	| IF
