WARNING: user/src/IROM.sv:57: $readmemh(user/data/hex/jop_zicfilp_on.hex): Not enough words in the file for the requested range [0:16383].
WARNING: user/src/DRAM.sv:32: $readmemh: The behaviour for reg[...] mem[N:0]; $readmemh("...", mem); changed in the 1364-2005 standard. To avoid ambiguity, use mem[0:N] or explicit range parameters $readmemh("...", mem, start, stop);. Defaulting to 1364-2005 behavior.
WARNING: user/src/DRAM.sv:32: $readmemh(user/data/hex/jop_zicfilp_on.hex): Not enough words in the file for the requested range [0:16383].
DRAM: Loaded memory image from user/data/hex/jop_zicfilp_on.hex
VCD info: dumpfile prj/icarus/wave.vcd opened for output.
VCD warning: $dumpvars: Package ($unit) is not dumpable with VCD.
========================================
Time    |     PC    |Instruction| Stage
========================================
========================================
CPU Reset Released at time 5000
========================================
5000	| 00000000	|  00010117	| IF
15000	| 00000004	|  f0010113	| IF
15000	| 00000000	|  00010117	| ID
25000	| 00000008	|  00000297	| IF
25000	| 00000004	|  f0010113	| ID
25000	| 00000000	|  00010117	| EX
35000	| 0000000c	|  06028293	| IF
35000	| 00000008	|  00000297	| ID
35000	| 00000004	|  f0010113	| EX
45000	|  x2     <= 0x00010000 |[WB]
45000	| 00000010	|  30529073	| IF
45000	| 0000000c	|  06028293	| ID
45000	| 00000008	|  00000297	| EX
55000	| 00000014	|  00c00293	| IF
55000	| 00000010	|  30529073	| ID
55000	| 0000000c	|  06028293	| EX
55000	|  x2     <= 0x0000ff00 |[WB]
65000	|  x5     <= 0x00000008 |[WB]
65000	| 00000018	|  30a29073	| IF
65000	| 00000014	|  00c00293	| ID
65000	| 00000010	|  30529073	| EX
75000	| 0000001c	|  10a29073	| IF
75000	| 00000018	|  30a29073	| ID
75000	| 00000014	|  00c00293	| EX
75000	|  x5     <= 0x00000068 |[WB]
85000	| 00000020	|  000032b7	| IF
85000	| 0000001c	|  10a29073	| ID
85000	| 00000018	|  30a29073	| EX
95000	| 00000024	|  40028293	| IF
95000	| 00000020	|  000032b7	| ID
95000	| 0000001c	|  10a29073	| EX
95000	|  x5     <= 0x0000000c |[WB]
105000	| 00000028	|  01129073	| IF
105000	| 00000024	|  40028293	| ID
105000	| 00000020	|  000032b7	| EX
115000	| 0000002c	|  000022b7	| IF
115000	| 00000028	|  01129073	| ID
115000	| 00000024	|  40028293	| EX
125000	|  x5     <= 0x00003000 |[WB]
125000	| 00000030	|  80028293	| IF
125000	| 0000002c	|  000022b7	| ID
125000	| 00000028	|  01129073	| EX
135000	| 00000034	|  3002b073	| IF
135000	| 00000030	|  80028293	| ID
135000	| 0000002c	|  000022b7	| EX
135000	|  x5     <= 0x00003400 |[WB]
145000	| 00000038	|  000012b7	| IF
145000	| 00000034	|  3002b073	| ID
145000	| 00000030	|  80028293	| EX
155000	| 0000003c	|  80028293	| IF
155000	| 00000038	|  000012b7	| ID
155000	| 00000034	|  3002b073	| EX
155000	|  x5     <= 0x00002000 |[WB]
165000	|  x5     <= 0x00001800 |[WB]
165000	| 00000040	|  3002a073	| IF
165000	| 0000003c	|  80028293	| ID
165000	| 00000038	|  000012b7	| EX
175000	| 00000044	|  00000297	| IF
175000	| 00000040	|  3002a073	| ID
175000	| 0000003c	|  80028293	| EX
185000	|  x5     <= 0x00001000 |[WB]
185000	| 00000048	|  01028293	| IF
185000	| 00000044	|  00000297	| ID
185000	| 00000040	|  3002a073	| EX
195000	| 0000004c	|  34129073	| IF
195000	| 00000048	|  01028293	| ID
195000	| 00000044	|  00000297	| EX
195000	|  x5     <= 0x00000800 |[WB]
205000	| 00000050	|  30200073	| IF
205000	| 0000004c	|  34129073	| ID
205000	| 00000048	|  01028293	| EX
215000	| 00000054	|  00010117	| IF
215000	| 00000050	|  30200073	| ID
215000	| 0000004c	|  34129073	| EX
215000	|  x5     <= 0x00000044 |[WB]
225000	|  x5     <= 0x00000054 |[WB]
225000	| 00000058	|  eac10113	| IF
225000	| 00000054	|  00010117	| ID
225000	| 00000050	|  30200073	| EX
235000	| 00000054	|  00010117	| IF
245000	| 00000058	|  eac10113	| IF
245000	| 00000054	|  00010117	| ID
255000	| 0000005c	|  0bc000ef	| IF
255000	| 00000058	|  eac10113	| ID
255000	| 00000054	|  00010117	| EX
265000	| 00000060	|  02000513	| IF
265000	| 0000005c	|  0bc000ef	| ID
265000	| 00000058	|  eac10113	| EX
275000	| 00000064	|  0980006f	| IF
275000	| 00000060	|  02000513	| ID
275000	| 0000005c	|  0bc000ef	| EX
275000	|  x2     <= 0x00010054 |[WB]
285000	|  x2     <= 0x0000ff00 |[WB]
285000	| 00000118	|  00000017	| IF
295000	| 0000011c	|  ff010113	| IF
295000	| 00000118	|  00000017	| ID
295000	|  x1     <= 0x00000060 |[WB]
305000	| 00000120	|  11110737	| IF
305000	| 0000011c	|  ff010113	| ID
305000	| 00000118	|  00000017	| EX
315000	| 00000124	|  14e02a23	| IF
315000	| 00000120	|  11110737	| ID
315000	| 0000011c	|  ff010113	| EX
325000	| 00000128	|  00812423	| IF
325000	| 00000124	|  14e02a23	| ID
325000	| 00000120	|  11110737	| EX
335000	| 0000012c	|  0cc00793	| IF
335000	| 00000128	|  00812423	| ID
335000	| 00000124	|  14e02a23	| EX
335000	|  x2     <= 0x0000fef0 |[WB]
345000	|  x14    <= 0x11110000 |[WB]
345000	| 00000130	|  14002c23	| IF
345000	| 0000012c	|  0cc00793	| ID
345000	| 00000128	|  00812423	| EX
345000	| 0x0055 <|  0x11110000 |[MEM W] (we=1111)
355000	| 00000134	|  14f02823	| IF
355000	| 00000130	|  14002c23	| ID
355000	| 0000012c	|  0cc00793	| EX
355000	| 0x3fbe <|  0xxxxxxxxx |[MEM W] (we=1111)
365000	| 00000138	|  00112623	| IF
365000	| 00000134	|  14f02823	| ID
365000	| 00000130	|  14002c23	| EX
375000	| 0000013c	|  f99ff0ef	| IF
375000	| 00000138	|  00112623	| ID
375000	| 00000134	|  14f02823	| EX
375000	| 0x0056 <|  0x00000000 |[MEM W] (we=1111)
375000	|  x15    <= 0x000000cc |[WB]
385000	| 00000140	|  00200793	| IF
385000	| 0000013c	|  f99ff0ef	| ID
385000	| 00000138	|  00112623	| EX
385000	| 0x0054 <|  0x000000cc |[MEM W] (we=1111)
395000	| 00000144	|  02000513	| IF
395000	| 00000140	|  00200793	| ID
395000	| 0000013c	|  f99ff0ef	| EX
395000	| 0x3fbf <|  0x00000060 |[MEM W] (we=1111)
405000	| 000000d4	|  00100713	| IF
415000	| 000000d8	|  ff010113	| IF
415000	| 000000d4	|  00100713	| ID
415000	|  x1     <= 0x00000140 |[WB]
425000	| 000000dc	|  14e02c23	| IF
425000	| 000000d8	|  ff010113	| ID
425000	| 000000d4	|  00100713	| EX
435000	| 000000e0	|  15002783	| IF
435000	| 000000dc	|  14e02c23	| ID
435000	| 000000d8	|  ff010113	| EX
445000	|  x14    <= 0x00000001 |[WB]
445000	| 000000e4	|  00112623	| IF
445000	| 000000e0	|  15002783	| ID
445000	| 000000dc	|  14e02c23	| EX
455000	| 000000e8	|  000003b7	| IF
455000	| 000000e4	|  00112623	| ID
455000	| 000000e0	|  15002783	| EX
455000	| 0x0056 <|  0x00000001 |[MEM W] (we=1111)
455000	|  x2     <= 0x0000fee0 |[WB]
465000	| 000000ec	|  000780e7	| IF
465000	| 000000e8	|  000003b7	| ID
465000	| 000000e4	|  00112623	| EX
475000	| 000000f0	|  00c12083	| IF
475000	| 000000ec	|  000780e7	| ID
475000	| 000000e8	|  000003b7	| EX
475000	| 0x3fbb <|  0x00000140 |[MEM W] (we=1111)
475000	|  x15    <= 0x000000cc |[WB]
485000	| 000000f4	|  01010113	| IF
485000	| 000000f0	|  00c12083	| ID
485000	| 000000ec	|  000780e7	| EX
495000	| 000000cc	|  06300513	| IF
495000	|  x7     <= 0x00000000 |[WB]
505000	|  x1     <= 0x000000f0 |[WB]
505000	| 000000d0	|  00008067	| IF
505000	| 000000cc	|  06300513	| ID
515000	| 00000068	|  342022f3	| IF
525000	| 0000006c	|  34102373	| IF
525000	| 00000068	|  342022f3	| ID
535000	| 00000070	|  343023f3	| IF
535000	| 0000006c	|  34102373	| ID
535000	| 00000068	|  342022f3	| EX
545000	| 00000074	|  00028293	| IF
545000	| 00000070	|  343023f3	| ID
545000	| 0000006c	|  34102373	| EX
555000	| 00000078	|  00030313	| IF
555000	| 00000074	|  00028293	| ID
555000	| 00000070	|  343023f3	| EX
555000	|  x5     <= 0x00000012 |[WB]
565000	|  x6     <= 0x000000cc |[WB]
565000	| 0000007c	|  00038393	| IF
565000	| 00000078	|  00030313	| ID
565000	| 00000074	|  00028293	| EX
575000	| 00000080	|  01200e13	| IF
575000	| 0000007c	|  00038393	| ID
575000	| 00000078	|  00030313	| EX
575000	|  x7     <= 0x00000002 |[WB]
585000	|  x5     <= 0x00000012 |[WB]
585000	| 00000084	|  03c29263	| IF
585000	| 00000080	|  01200e13	| ID
585000	| 0000007c	|  00038393	| EX
595000	| 00000088	|  00200e13	| IF
595000	| 00000084	|  03c29263	| ID
595000	| 00000080	|  01200e13	| EX
595000	|  x6     <= 0x000000cc |[WB]
605000	|  x7     <= 0x00000002 |[WB]
605000	| 0000008c	|  03c39463	| IF
605000	| 00000088	|  00200e13	| ID
605000	| 00000084	|  03c29263	| EX
615000	| 00000090	|  00000e17	| IF
615000	| 0000008c	|  03c39463	| ID
615000	| 00000088	|  00200e13	| EX
615000	|  x28    <= 0x00000012 |[WB]
625000	| 00000094	|  03ce0e13	| IF
625000	| 00000090	|  00000e17	| ID
625000	| 0000008c	|  03c39463	| EX
635000	| 00000098	|  03c31463	| IF
635000	| 00000094	|  03ce0e13	| ID
635000	| 00000090	|  00000e17	| EX
635000	|  x28    <= 0x00000002 |[WB]
645000	| 0000009c	|  00100e13	| IF
645000	| 00000098	|  03c31463	| ID
645000	| 00000094	|  03ce0e13	| EX
655000	| 000000a0	|  00000e93	| IF
655000	| 0000009c	|  00100e13	| ID
655000	| 00000098	|  03c31463	| EX
655000	|  x28    <= 0x00000090 |[WB]
665000	|  x28    <= 0x000000cc |[WB]
665000	| 000000a4	|  0000006f	| IF
665000	| 000000a0	|  00000e93	| ID
665000	| 0000009c	|  00100e13	| EX
675000	| 000000a8	|  0e100e13	| IF
675000	| 000000a4	|  0000006f	| ID
675000	| 000000a0	|  00000e93	| EX
685000	|  x28    <= 0x00000001 |[WB]
685000	| 000000ac	|  00100e93	| IF
685000	| 000000a8	|  0e100e13	| ID
685000	| 000000a4	|  0000006f	| EX
695000	| 000000a4	|  0000006f	| IF
695000	|  x29    <= 0x00000000 |[WB]
705000	| 000000a8	|  0e100e13	| IF
705000	| 000000a4	|  0000006f	| ID
715000	| 000000ac	|  00100e93	| IF
715000	| 000000a8	|  0e100e13	| ID
715000	| 000000a4	|  0000006f	| EX
725000	| 000000a4	|  0000006f	| IF
735000	| 000000a8	|  0e100e13	| IF
735000	| 000000a4	|  0000006f	| ID
745000	| 000000ac	|  00100e93	| IF
745000	| 000000a8	|  0e100e13	| ID
745000	| 000000a4	|  0000006f	| EX
755000	| 000000a4	|  0000006f	| IF
765000	| 000000a8	|  0e100e13	| IF
765000	| 000000a4	|  0000006f	| ID
775000	| 000000ac	|  00100e93	| IF
775000	| 000000a8	|  0e100e13	| ID
775000	| 000000a4	|  0000006f	| EX
785000	| 000000a4	|  0000006f	| IF
795000	| 000000a8	|  0e100e13	| IF
795000	| 000000a4	|  0000006f	| ID
805000	| 000000ac	|  00100e93	| IF
805000	| 000000a8	|  0e100e13	| ID
805000	| 000000a4	|  0000006f	| EX
815000	| 000000a4	|  0000006f	| IF
825000	| 000000a8	|  0e100e13	| IF
825000	| 000000a4	|  0000006f	| ID
835000	| 000000ac	|  00100e93	| IF
835000	| 000000a8	|  0e100e13	| ID
835000	| 000000a4	|  0000006f	| EX
845000	| 000000a4	|  0000006f	| IF
855000	| 000000a8	|  0e100e13	| IF
855000	| 000000a4	|  0000006f	| ID
865000	| 000000ac	|  00100e93	| IF
865000	| 000000a8	|  0e100e13	| ID
865000	| 000000a4	|  0000006f	| EX
875000	| 000000a4	|  0000006f	| IF
885000	| 000000a8	|  0e100e13	| IF
885000	| 000000a4	|  0000006f	| ID
895000	| 000000ac	|  00100e93	| IF
895000	| 000000a8	|  0e100e13	| ID
895000	| 000000a4	|  0000006f	| EX
905000	| 000000a4	|  0000006f	| IF
915000	| 000000a8	|  0e100e13	| IF
915000	| 000000a4	|  0000006f	| ID
925000	| 000000ac	|  00100e93	| IF
925000	| 000000a8	|  0e100e13	| ID
925000	| 000000a4	|  0000006f	| EX
935000	| 000000a4	|  0000006f	| IF
945000	| 000000a8	|  0e100e13	| IF
945000	| 000000a4	|  0000006f	| ID
955000	| 000000ac	|  00100e93	| IF
955000	| 000000a8	|  0e100e13	| ID
955000	| 000000a4	|  0000006f	| EX
965000	| 000000a4	|  0000006f	| IF
975000	| 000000a8	|  0e100e13	| IF
975000	| 000000a4	|  0000006f	| ID
985000	| 000000ac	|  00100e93	| IF
985000	| 000000a8	|  0e100e13	| ID
985000	| 000000a4	|  0000006f	| EX
995000	| 000000a4	|  0000006f	| IF
1005000	| 000000a8	|  0e100e13	| IF
1005000	| 000000a4	|  0000006f	| ID
1015000	| 000000ac	|  00100e93	| IF
1015000	| 000000a8	|  0e100e13	| ID
1015000	| 000000a4	|  0000006f	| EX
1025000	| 000000a4	|  0000006f	| IF
1035000	| 000000a8	|  0e100e13	| IF
1035000	| 000000a4	|  0000006f	| ID
1045000	| 000000ac	|  00100e93	| IF
1045000	| 000000a8	|  0e100e13	| ID
1045000	| 000000a4	|  0000006f	| EX
1055000	| 000000a4	|  0000006f	| IF
1065000	| 000000a8	|  0e100e13	| IF
1065000	| 000000a4	|  0000006f	| ID
1075000	| 000000ac	|  00100e93	| IF
1075000	| 000000a8	|  0e100e13	| ID
1075000	| 000000a4	|  0000006f	| EX
1085000	| 000000a4	|  0000006f	| IF
1095000	| 000000a8	|  0e100e13	| IF
1095000	| 000000a4	|  0000006f	| ID
1105000	| 000000ac	|  00100e93	| IF
1105000	| 000000a8	|  0e100e13	| ID
1105000	| 000000a4	|  0000006f	| EX
1115000	| 000000a4	|  0000006f	| IF
1125000	| 000000a8	|  0e100e13	| IF
1125000	| 000000a4	|  0000006f	| ID
1135000	| 000000ac	|  00100e93	| IF
1135000	| 000000a8	|  0e100e13	| ID
1135000	| 000000a4	|  0000006f	| EX
1145000	| 000000a4	|  0000006f	| IF
1155000	| 000000a8	|  0e100e13	| IF
1155000	| 000000a4	|  0000006f	| ID
1165000	| 000000ac	|  00100e93	| IF
1165000	| 000000a8	|  0e100e13	| ID
1165000	| 000000a4	|  0000006f	| EX
1175000	| 000000a4	|  0000006f	| IF
1185000	| 000000a8	|  0e100e13	| IF
1185000	| 000000a4	|  0000006f	| ID
1195000	| 000000ac	|  00100e93	| IF
1195000	| 000000a8	|  0e100e13	| ID
1195000	| 000000a4	|  0000006f	| EX
1205000	| 000000a4	|  0000006f	| IF
1215000	| 000000a8	|  0e100e13	| IF
1215000	| 000000a4	|  0000006f	| ID
1225000	| 000000ac	|  00100e93	| IF
1225000	| 000000a8	|  0e100e13	| ID
1225000	| 000000a4	|  0000006f	| EX
1235000	| 000000a4	|  0000006f	| IF
1245000	| 000000a8	|  0e100e13	| IF
1245000	| 000000a4	|  0000006f	| ID
1255000	| 000000ac	|  00100e93	| IF
1255000	| 000000a8	|  0e100e13	| ID
1255000	| 000000a4	|  0000006f	| EX
1265000	| 000000a4	|  0000006f	| IF
1275000	| 000000a8	|  0e100e13	| IF
1275000	| 000000a4	|  0000006f	| ID
1285000	| 000000ac	|  00100e93	| IF
1285000	| 000000a8	|  0e100e13	| ID
1285000	| 000000a4	|  0000006f	| EX
1295000	| 000000a4	|  0000006f	| IF
1305000	| 000000a8	|  0e100e13	| IF
1305000	| 000000a4	|  0000006f	| ID
1315000	| 000000ac	|  00100e93	| IF
1315000	| 000000a8	|  0e100e13	| ID
1315000	| 000000a4	|  0000006f	| EX
1325000	| 000000a4	|  0000006f	| IF
1335000	| 000000a8	|  0e100e13	| IF
1335000	| 000000a4	|  0000006f	| ID
1345000	| 000000ac	|  00100e93	| IF
1345000	| 000000a8	|  0e100e13	| ID
1345000	| 000000a4	|  0000006f	| EX
1355000	| 000000a4	|  0000006f	| IF
1365000	| 000000a8	|  0e100e13	| IF
1365000	| 000000a4	|  0000006f	| ID
1375000	| 000000ac	|  00100e93	| IF
1375000	| 000000a8	|  0e100e13	| ID
1375000	| 000000a4	|  0000006f	| EX
1385000	| 000000a4	|  0000006f	| IF
1395000	| 000000a8	|  0e100e13	| IF
1395000	| 000000a4	|  0000006f	| ID
1405000	| 000000ac	|  00100e93	| IF
1405000	| 000000a8	|  0e100e13	| ID
1405000	| 000000a4	|  0000006f	| EX
1415000	| 000000a4	|  0000006f	| IF
1425000	| 000000a8	|  0e100e13	| IF
1425000	| 000000a4	|  0000006f	| ID
1435000	| 000000ac	|  00100e93	| IF
1435000	| 000000a8	|  0e100e13	| ID
1435000	| 000000a4	|  0000006f	| EX
1445000	| 000000a4	|  0000006f	| IF
1455000	| 000000a8	|  0e100e13	| IF
1455000	| 000000a4	|  0000006f	| ID
1465000	| 000000ac	|  00100e93	| IF
1465000	| 000000a8	|  0e100e13	| ID
1465000	| 000000a4	|  0000006f	| EX
1475000	| 000000a4	|  0000006f	| IF
1485000	| 000000a8	|  0e100e13	| IF
1485000	| 000000a4	|  0000006f	| ID
1495000	| 000000ac	|  00100e93	| IF
1495000	| 000000a8	|  0e100e13	| ID
1495000	| 000000a4	|  0000006f	| EX
1505000	| 000000a4	|  0000006f	| IF
1515000	| 000000a8	|  0e100e13	| IF
1515000	| 000000a4	|  0000006f	| ID
1525000	| 000000ac	|  00100e93	| IF
1525000	| 000000a8	|  0e100e13	| ID
1525000	| 000000a4	|  0000006f	| EX
1535000	| 000000a4	|  0000006f	| IF
1545000	| 000000a8	|  0e100e13	| IF
1545000	| 000000a4	|  0000006f	| ID
1555000	| 000000ac	|  00100e93	| IF
1555000	| 000000a8	|  0e100e13	| ID
1555000	| 000000a4	|  0000006f	| EX
1565000	| 000000a4	|  0000006f	| IF
1575000	| 000000a8	|  0e100e13	| IF
1575000	| 000000a4	|  0000006f	| ID
1585000	| 000000ac	|  00100e93	| IF
1585000	| 000000a8	|  0e100e13	| ID
1585000	| 000000a4	|  0000006f	| EX
1595000	| 000000a4	|  0000006f	| IF
1605000	| 000000a8	|  0e100e13	| IF
1605000	| 000000a4	|  0000006f	| ID
1615000	| 000000ac	|  00100e93	| IF
1615000	| 000000a8	|  0e100e13	| ID
1615000	| 000000a4	|  0000006f	| EX
1625000	| 000000a4	|  0000006f	| IF
1635000	| 000000a8	|  0e100e13	| IF
1635000	| 000000a4	|  0000006f	| ID
1645000	| 000000ac	|  00100e93	| IF
1645000	| 000000a8	|  0e100e13	| ID
1645000	| 000000a4	|  0000006f	| EX
1655000	| 000000a4	|  0000006f	| IF
1665000	| 000000a8	|  0e100e13	| IF
1665000	| 000000a4	|  0000006f	| ID
1675000	| 000000ac	|  00100e93	| IF
1675000	| 000000a8	|  0e100e13	| ID
1675000	| 000000a4	|  0000006f	| EX
1685000	| 000000a4	|  0000006f	| IF
1695000	| 000000a8	|  0e100e13	| IF
1695000	| 000000a4	|  0000006f	| ID
1705000	| 000000ac	|  00100e93	| IF
1705000	| 000000a8	|  0e100e13	| ID
1705000	| 000000a4	|  0000006f	| EX
1715000	| 000000a4	|  0000006f	| IF
1725000	| 000000a8	|  0e100e13	| IF
1725000	| 000000a4	|  0000006f	| ID
1735000	| 000000ac	|  00100e93	| IF
1735000	| 000000a8	|  0e100e13	| ID
1735000	| 000000a4	|  0000006f	| EX
1745000	| 000000a4	|  0000006f	| IF
1755000	| 000000a8	|  0e100e13	| IF
1755000	| 000000a4	|  0000006f	| ID
1765000	| 000000ac	|  00100e93	| IF
1765000	| 000000a8	|  0e100e13	| ID
1765000	| 000000a4	|  0000006f	| EX
1775000	| 000000a4	|  0000006f	| IF
1785000	| 000000a8	|  0e100e13	| IF
1785000	| 000000a4	|  0000006f	| ID
1795000	| 000000ac	|  00100e93	| IF
1795000	| 000000a8	|  0e100e13	| ID
1795000	| 000000a4	|  0000006f	| EX
1805000	| 000000a4	|  0000006f	| IF
1815000	| 000000a8	|  0e100e13	| IF
1815000	| 000000a4	|  0000006f	| ID
1825000	| 000000ac	|  00100e93	| IF
1825000	| 000000a8	|  0e100e13	| ID
1825000	| 000000a4	|  0000006f	| EX
1835000	| 000000a4	|  0000006f	| IF
1845000	| 000000a8	|  0e100e13	| IF
1845000	| 000000a4	|  0000006f	| ID
1855000	| 000000ac	|  00100e93	| IF
1855000	| 000000a8	|  0e100e13	| ID
1855000	| 000000a4	|  0000006f	| EX
1865000	| 000000a4	|  0000006f	| IF
1875000	| 000000a8	|  0e100e13	| IF
1875000	| 000000a4	|  0000006f	| ID
1885000	| 000000ac	|  00100e93	| IF
1885000	| 000000a8	|  0e100e13	| ID
1885000	| 000000a4	|  0000006f	| EX
1895000	| 000000a4	|  0000006f	| IF
1905000	| 000000a8	|  0e100e13	| IF
1905000	| 000000a4	|  0000006f	| ID
1915000	| 000000ac	|  00100e93	| IF
1915000	| 000000a8	|  0e100e13	| ID
1915000	| 000000a4	|  0000006f	| EX
1925000	| 000000a4	|  0000006f	| IF
1935000	| 000000a8	|  0e100e13	| IF
1935000	| 000000a4	|  0000006f	| ID
1945000	| 000000ac	|  00100e93	| IF
1945000	| 000000a8	|  0e100e13	| ID
1945000	| 000000a4	|  0000006f	| EX
1955000	| 000000a4	|  0000006f	| IF
1965000	| 000000a8	|  0e100e13	| IF
1965000	| 000000a4	|  0000006f	| ID
1975000	| 000000ac	|  00100e93	| IF
1975000	| 000000a8	|  0e100e13	| ID
1975000	| 000000a4	|  0000006f	| EX
1985000	| 000000a4	|  0000006f	| IF
1995000	| 000000a8	|  0e100e13	| IF
1995000	| 000000a4	|  0000006f	| ID
========================================
Simulation finished at time 2005000
========================================

========================================
Register File Contents:
========================================
x1	= 0x000000f0	(240)
x2	= 0x0000fee0	(65248)
x5	= 0x00000012	(18)
x6	= 0x000000cc	(204)
x7	= 0x00000002	(2)
x14	= 0x00000001	(1)
x15	= 0x000000cc	(204)
x28	= 0x00000001	(1)
========================================

user/sim/tb_CPU_TOP.sv:170: $finish called at 2005000 (1ps)
2005000	| 000000ac	|  00100e93	| IF
