WARNING: user/src/IROM.sv:57: $readmemh(user/data/hex/rop_zicfiss_off.hex): Not enough words in the file for the requested range [0:16383].
WARNING: user/src/DRAM.sv:32: $readmemh: The behaviour for reg[...] mem[N:0]; $readmemh("...", mem); changed in the 1364-2005 standard. To avoid ambiguity, use mem[0:N] or explicit range parameters $readmemh("...", mem, start, stop);. Defaulting to 1364-2005 behavior.
WARNING: user/src/DRAM.sv:32: $readmemh(user/data/hex/rop_zicfiss_off.hex): Not enough words in the file for the requested range [0:16383].
DRAM: Loaded memory image from user/data/hex/rop_zicfiss_off.hex
VCD info: dumpfile prj/icarus/wave.vcd opened for output.
VCD warning: $dumpvars: Package ($unit) is not dumpable with VCD.
========================================
Time    |     PC    |Instruction| Stage
========================================
========================================
CPU Reset Released at time 5000
========================================
5000	| 00000000	|  00010117	| IF
15000	| 00000004	|  f0010113	| IF
15000	| 00000000	|  00010117	| ID
25000	| 00000008	|  00000297	| IF
25000	| 00000004	|  f0010113	| ID
25000	| 00000000	|  00010117	| EX
35000	| 0000000c	|  06028293	| IF
35000	| 00000008	|  00000297	| ID
35000	| 00000004	|  f0010113	| EX
45000	|  x2     <= 0x00010000 |[WB]
45000	| 00000010	|  30529073	| IF
45000	| 0000000c	|  06028293	| ID
45000	| 00000008	|  00000297	| EX
55000	| 00000014	|  00c00293	| IF
55000	| 00000010	|  30529073	| ID
55000	| 0000000c	|  06028293	| EX
55000	|  x2     <= 0x0000ff00 |[WB]
65000	|  x5     <= 0x00000008 |[WB]
65000	| 00000018	|  30a29073	| IF
65000	| 00000014	|  00c00293	| ID
65000	| 00000010	|  30529073	| EX
75000	| 0000001c	|  10a29073	| IF
75000	| 00000018	|  30a29073	| ID
75000	| 00000014	|  00c00293	| EX
75000	|  x5     <= 0x00000068 |[WB]
85000	| 00000020	|  000032b7	| IF
85000	| 0000001c	|  10a29073	| ID
85000	| 00000018	|  30a29073	| EX
95000	| 00000024	|  40028293	| IF
95000	| 00000020	|  000032b7	| ID
95000	| 0000001c	|  10a29073	| EX
95000	|  x5     <= 0x0000000c |[WB]
105000	| 00000028	|  01129073	| IF
105000	| 00000024	|  40028293	| ID
105000	| 00000020	|  000032b7	| EX
115000	| 0000002c	|  000022b7	| IF
115000	| 00000028	|  01129073	| ID
115000	| 00000024	|  40028293	| EX
125000	|  x5     <= 0x00003000 |[WB]
125000	| 00000030	|  80028293	| IF
125000	| 0000002c	|  000022b7	| ID
125000	| 00000028	|  01129073	| EX
135000	| 00000034	|  3002b073	| IF
135000	| 00000030	|  80028293	| ID
135000	| 0000002c	|  000022b7	| EX
135000	|  x5     <= 0x00003400 |[WB]
145000	| 00000038	|  000012b7	| IF
145000	| 00000034	|  3002b073	| ID
145000	| 00000030	|  80028293	| EX
155000	| 0000003c	|  80028293	| IF
155000	| 00000038	|  000012b7	| ID
155000	| 00000034	|  3002b073	| EX
155000	|  x5     <= 0x00002000 |[WB]
165000	|  x5     <= 0x00001800 |[WB]
165000	| 00000040	|  3002a073	| IF
165000	| 0000003c	|  80028293	| ID
165000	| 00000038	|  000012b7	| EX
175000	| 00000044	|  00000297	| IF
175000	| 00000040	|  3002a073	| ID
175000	| 0000003c	|  80028293	| EX
185000	|  x5     <= 0x00001000 |[WB]
185000	| 00000048	|  01028293	| IF
185000	| 00000044	|  00000297	| ID
185000	| 00000040	|  3002a073	| EX
195000	| 0000004c	|  34129073	| IF
195000	| 00000048	|  01028293	| ID
195000	| 00000044	|  00000297	| EX
195000	|  x5     <= 0x00000800 |[WB]
205000	| 00000050	|  30200073	| IF
205000	| 0000004c	|  34129073	| ID
205000	| 00000048	|  01028293	| EX
215000	| 00000054	|  00010117	| IF
215000	| 00000050	|  30200073	| ID
215000	| 0000004c	|  34129073	| EX
215000	|  x5     <= 0x00000044 |[WB]
225000	|  x5     <= 0x00000054 |[WB]
225000	| 00000058	|  eac10113	| IF
225000	| 00000054	|  00010117	| ID
225000	| 00000050	|  30200073	| EX
235000	| 00000054	|  00010117	| IF
245000	| 00000058	|  eac10113	| IF
245000	| 00000054	|  00010117	| ID
255000	| 0000005c	|  0dc000ef	| IF
255000	| 00000058	|  eac10113	| ID
255000	| 00000054	|  00010117	| EX
265000	| 00000060	|  02000513	| IF
265000	| 0000005c	|  0dc000ef	| ID
265000	| 00000058	|  eac10113	| EX
275000	| 00000064	|  0bc0006f	| IF
275000	| 00000060	|  02000513	| ID
275000	| 0000005c	|  0dc000ef	| EX
275000	|  x2     <= 0x00010054 |[WB]
285000	|  x2     <= 0x0000ff00 |[WB]
285000	| 00000138	|  ff010113	| IF
295000	| 0000013c	|  22220737	| IF
295000	| 00000138	|  ff010113	| ID
295000	|  x1     <= 0x00000060 |[WB]
305000	| 00000140	|  16e02a23	| IF
305000	| 0000013c	|  22220737	| ID
305000	| 00000138	|  ff010113	| EX
315000	| 00000144	|  00812423	| IF
315000	| 00000140	|  16e02a23	| ID
315000	| 0000013c	|  22220737	| EX
325000	|  x2     <= 0x0000fef0 |[WB]
325000	| 00000148	|  02800513	| IF
325000	| 00000144	|  00812423	| ID
325000	| 00000140	|  16e02a23	| EX
335000	| 0000014c	|  00112623	| IF
335000	| 00000148	|  02800513	| ID
335000	| 00000144	|  00812423	| EX
335000	| 0x005d <|  0x22220000 |[MEM W] (we=1111)
335000	|  x14    <= 0x22220000 |[WB]
345000	| 00000150	|  16002c23	| IF
345000	| 0000014c	|  00112623	| ID
345000	| 00000148	|  02800513	| EX
345000	| 0x3fbe <|  0xxxxxxxxx |[MEM W] (we=1111)
355000	| 00000154	|  f71ff0ef	| IF
355000	| 00000150	|  16002c23	| ID
355000	| 0000014c	|  00112623	| EX
365000	|  x10    <= 0x00000028 |[WB]
365000	| 00000158	|  00400793	| IF
365000	| 00000154	|  f71ff0ef	| ID
365000	| 00000150	|  16002c23	| EX
365000	| 0x3fbf <|  0x00000060 |[MEM W] (we=1111)
375000	| 0000015c	|  02000513	| IF
375000	| 00000158	|  00400793	| ID
375000	| 00000154	|  f71ff0ef	| EX
375000	| 0x005e <|  0x00000000 |[MEM W] (we=1111)
385000	| 000000c4	|  ff010113	| IF
395000	| 000000c8	|  00812423	| IF
395000	| 000000c4	|  ff010113	| ID
395000	|  x1     <= 0x00000158 |[WB]
405000	| 000000cc	|  00200793	| IF
405000	| 000000c8	|  00812423	| ID
405000	| 000000c4	|  ff010113	| EX
415000	| 000000d0	|  00112623	| IF
415000	| 000000cc	|  00200793	| ID
415000	| 000000c8	|  00812423	| EX
425000	|  x2     <= 0x0000fee0 |[WB]
425000	| 000000d4	|  16f02c23	| IF
425000	| 000000d0	|  00112623	| ID
425000	| 000000cc	|  00200793	| EX
425000	| 0x3fba <|  0xxxxxxxxx |[MEM W] (we=1111)
435000	| 000000d8	|  fddff0ef	| IF
435000	| 000000d4	|  16f02c23	| ID
435000	| 000000d0	|  00112623	| EX
445000	|  x15    <= 0x00000002 |[WB]
445000	| 000000dc	|  cdc04773	| IF
445000	| 000000d8	|  fddff0ef	| ID
445000	| 000000d4	|  16f02c23	| EX
445000	| 0x3fbb <|  0x00000158 |[MEM W] (we=1111)
455000	| 000000e0	|  16e02823	| IF
455000	| 000000dc	|  cdc04773	| ID
455000	| 000000d8	|  fddff0ef	| EX
455000	| 0x005e <|  0x00000002 |[MEM W] (we=1111)
465000	| 000000b4	|  00100713	| IF
475000	| 000000b8	|  00e50533	| IF
475000	| 000000b4	|  00100713	| ID
475000	|  x1     <= 0x000000dc |[WB]
485000	| 000000bc	|  16e02c23	| IF
485000	| 000000b8	|  00e50533	| ID
485000	| 000000b4	|  00100713	| EX
495000	| 000000c0	|  00008067	| IF
495000	| 000000bc	|  16e02c23	| ID
495000	| 000000b8	|  00e50533	| EX
505000	|  x14    <= 0x00000001 |[WB]
505000	| 000000c4	|  ff010113	| IF
505000	| 000000c0	|  00008067	| ID
505000	| 000000bc	|  16e02c23	| EX
515000	| 000000c8	|  00812423	| IF
515000	| 000000c4	|  ff010113	| ID
515000	| 000000c0	|  00008067	| EX
515000	| 0x005e <|  0x00000001 |[MEM W] (we=1111)
515000	|  x10    <= 0x00000029 |[WB]
525000	| 000000dc	|  cdc04773	| IF
535000	| 000000e0	|  16e02823	| IF
535000	| 000000dc	|  cdc04773	| ID
545000	| 000000e4	|  17002783	| IF
545000	| 000000e0	|  16e02823	| ID
545000	| 000000dc	|  cdc04773	| EX
555000	| 000000e8	|  1357a737	| IF
555000	| 000000e4	|  17002783	| ID
555000	| 000000e0	|  16e02823	| EX
565000	|  x14    <= 0x00003400 |[WB]
565000	| 000000ec	|  0007a583	| IF
565000	| 000000e8	|  1357a737	| ID
565000	| 000000e4	|  17002783	| EX
565000	| 0x005c <|  0x00003400 |[MEM W] (we=1111)
575000	| 000000f0	|  bdf70713	| IF
575000	| 000000ec	|  0007a583	| ID
575000	| 000000e8	|  1357a737	| EX
585000	|  x15    <= 0x00003400 |[WB]
585000	| 000000f0	|  bdf70713	| IF
585000	| 000000ec	|  0007a583	| ID
585000	| 0xxxxx  |> 0x00003400 |[MEM R]
595000	| 000000f4	|  16b02623	| IF
595000	| 000000f0	|  bdf70713	| ID
595000	| 000000ec	|  0007a583	| EX
595000	|  x14    <= 0x1357a000 |[WB]
605000	| 000000f8	|  00e7a023	| IF
605000	| 000000f4	|  16b02623	| ID
605000	| 000000f0	|  bdf70713	| EX
615000	| 000000f8	|  00e7a023	| IF
615000	| 000000f4	|  16b02623	| ID
615000	| 0xe6f7  |> 0x00000000 |[MEM R]
615000	|  x11    <= 0x00000000 |[WB]
625000	|  x14    <= 0x13579bdf |[WB]
625000	| 000000fc	|  0007a703	| IF
625000	| 000000f8	|  00e7a023	| ID
625000	| 000000f4	|  16b02623	| EX
635000	| 00000100	|  00300793	| IF
635000	| 000000fc	|  0007a703	| ID
635000	| 000000f8	|  00e7a023	| EX
635000	| 0x005b <|  0x00000000 |[MEM W] (we=1111)
645000	| 00000104	|  00c12083	| IF
645000	| 00000100	|  00300793	| ID
645000	| 000000fc	|  0007a703	| EX
645000	| 0x0d00 <|  0x13579bdf |[MEM W] (we=1111)
655000	| 00000108	|  16e02423	| IF
655000	| 00000104	|  00c12083	| ID
655000	| 00000100	|  00300793	| EX
665000	|  x14    <= 0x13579bdf |[WB]
665000	| 0000010c	|  16f02c23	| IF
665000	| 00000108	|  16e02423	| ID
665000	| 00000104	|  00c12083	| EX
665000	| 0x0000  |> 0x13579bdf |[MEM R]
675000	| 00000110	|  00812403	| IF
675000	| 0000010c	|  16f02c23	| ID
675000	| 00000108	|  16e02423	| EX
675000	|  x15    <= 0x00000003 |[WB]
685000	|  x1     <= 0x00000158 |[WB]
685000	| 00000114	|  00150513	| IF
685000	| 00000110	|  00812403	| ID
685000	| 0000010c	|  16f02c23	| EX
685000	| 0x005a <|  0x13579bdf |[MEM W] (we=1111)
695000	| 00000118	|  01010113	| IF
695000	| 00000114	|  00150513	| ID
695000	| 00000110	|  00812403	| EX
695000	| 0x005e <|  0x00000003 |[MEM W] (we=1111)
705000	| 0000011c	|  00008067	| IF
705000	| 00000118	|  01010113	| ID
705000	| 00000114	|  00150513	| EX
715000	| 00000120	|  dead07b7	| IF
715000	| 0000011c	|  00008067	| ID
715000	| 00000118	|  01010113	| EX
715000	| 0x000a  |> 0xxxxxxxxx |[MEM R]
715000	|  x8     <= 0xxxxxxxxx |[WB]
725000	|  x10    <= 0x0000002a |[WB]
725000	| 00000124	|  00f567b3	| IF
725000	| 00000120	|  dead07b7	| ID
725000	| 0000011c	|  00008067	| EX
735000	| 00000158	|  00400793	| IF
735000	|  x2     <= 0x0000fef0 |[WB]
745000	| 0000015c	|  02000513	| IF
745000	| 00000158	|  00400793	| ID
755000	| 00000160	|  16f02c23	| IF
755000	| 0000015c	|  02000513	| ID
755000	| 00000158	|  00400793	| EX
765000	| 00000164	|  fbdff0ef	| IF
765000	| 00000160	|  16f02c23	| ID
765000	| 0000015c	|  02000513	| EX
775000	| 00000168	|  00000000	| IF
775000	| 00000164	|  fbdff0ef	| ID
775000	| 00000160	|  16f02c23	| EX
775000	|  x15    <= 0x00000004 |[WB]
785000	|  x10    <= 0x00000020 |[WB]
785000	| 0000016c	|  00000000	| IF
785000	| 00000168	|  00000000	| ID
785000	| 00000164	|  fbdff0ef	| EX
785000	| 0x005e <|  0x00000004 |[MEM W] (we=1111)
795000	| 00000120	|  dead07b7	| IF
805000	|  x1     <= 0x00000168 |[WB]
805000	| 00000124	|  00f567b3	| IF
805000	| 00000120	|  dead07b7	| ID
815000	| 00000128	|  16f02a23	| IF
815000	| 00000124	|  00f567b3	| ID
815000	| 00000120	|  dead07b7	| EX
825000	| 0000012c	|  00050e13	| IF
825000	| 00000128	|  16f02a23	| ID
825000	| 00000124	|  00f567b3	| EX
835000	| 00000130	|  00100e93	| IF
835000	| 0000012c	|  00050e13	| ID
835000	| 00000128	|  16f02a23	| EX
835000	|  x15    <= 0xdead0000 |[WB]
845000	|  x15    <= 0xdead0020 |[WB]
845000	| 00000134	|  0000006f	| IF
845000	| 00000130	|  00100e93	| ID
845000	| 0000012c	|  00050e13	| EX
845000	| 0x005d <|  0xdead0020 |[MEM W] (we=1111)
855000	| 00000138	|  ff010113	| IF
855000	| 00000134	|  0000006f	| ID
855000	| 00000130	|  00100e93	| EX
865000	|  x28    <= 0x00000020 |[WB]
865000	| 0000013c	|  22220737	| IF
865000	| 00000138	|  ff010113	| ID
865000	| 00000134	|  0000006f	| EX
875000	| 00000134	|  0000006f	| IF
875000	|  x29    <= 0x00000001 |[WB]
885000	| 00000138	|  ff010113	| IF
885000	| 00000134	|  0000006f	| ID
895000	| 0000013c	|  22220737	| IF
895000	| 00000138	|  ff010113	| ID
895000	| 00000134	|  0000006f	| EX
905000	| 00000134	|  0000006f	| IF
915000	| 00000138	|  ff010113	| IF
915000	| 00000134	|  0000006f	| ID
925000	| 0000013c	|  22220737	| IF
925000	| 00000138	|  ff010113	| ID
925000	| 00000134	|  0000006f	| EX
935000	| 00000134	|  0000006f	| IF
945000	| 00000138	|  ff010113	| IF
945000	| 00000134	|  0000006f	| ID
955000	| 0000013c	|  22220737	| IF
955000	| 00000138	|  ff010113	| ID
955000	| 00000134	|  0000006f	| EX
965000	| 00000134	|  0000006f	| IF
975000	| 00000138	|  ff010113	| IF
975000	| 00000134	|  0000006f	| ID
985000	| 0000013c	|  22220737	| IF
985000	| 00000138	|  ff010113	| ID
985000	| 00000134	|  0000006f	| EX
995000	| 00000134	|  0000006f	| IF
1005000	| 00000138	|  ff010113	| IF
1005000	| 00000134	|  0000006f	| ID
1015000	| 0000013c	|  22220737	| IF
1015000	| 00000138	|  ff010113	| ID
1015000	| 00000134	|  0000006f	| EX
1025000	| 00000134	|  0000006f	| IF
1035000	| 00000138	|  ff010113	| IF
1035000	| 00000134	|  0000006f	| ID
1045000	| 0000013c	|  22220737	| IF
1045000	| 00000138	|  ff010113	| ID
1045000	| 00000134	|  0000006f	| EX
1055000	| 00000134	|  0000006f	| IF
1065000	| 00000138	|  ff010113	| IF
1065000	| 00000134	|  0000006f	| ID
1075000	| 0000013c	|  22220737	| IF
1075000	| 00000138	|  ff010113	| ID
1075000	| 00000134	|  0000006f	| EX
1085000	| 00000134	|  0000006f	| IF
1095000	| 00000138	|  ff010113	| IF
1095000	| 00000134	|  0000006f	| ID
1105000	| 0000013c	|  22220737	| IF
1105000	| 00000138	|  ff010113	| ID
1105000	| 00000134	|  0000006f	| EX
1115000	| 00000134	|  0000006f	| IF
1125000	| 00000138	|  ff010113	| IF
1125000	| 00000134	|  0000006f	| ID
1135000	| 0000013c	|  22220737	| IF
1135000	| 00000138	|  ff010113	| ID
1135000	| 00000134	|  0000006f	| EX
1145000	| 00000134	|  0000006f	| IF
1155000	| 00000138	|  ff010113	| IF
1155000	| 00000134	|  0000006f	| ID
1165000	| 0000013c	|  22220737	| IF
1165000	| 00000138	|  ff010113	| ID
1165000	| 00000134	|  0000006f	| EX
1175000	| 00000134	|  0000006f	| IF
1185000	| 00000138	|  ff010113	| IF
1185000	| 00000134	|  0000006f	| ID
1195000	| 0000013c	|  22220737	| IF
1195000	| 00000138	|  ff010113	| ID
1195000	| 00000134	|  0000006f	| EX
1205000	| 00000134	|  0000006f	| IF
1215000	| 00000138	|  ff010113	| IF
1215000	| 00000134	|  0000006f	| ID
1225000	| 0000013c	|  22220737	| IF
1225000	| 00000138	|  ff010113	| ID
1225000	| 00000134	|  0000006f	| EX
1235000	| 00000134	|  0000006f	| IF
1245000	| 00000138	|  ff010113	| IF
1245000	| 00000134	|  0000006f	| ID
1255000	| 0000013c	|  22220737	| IF
1255000	| 00000138	|  ff010113	| ID
1255000	| 00000134	|  0000006f	| EX
1265000	| 00000134	|  0000006f	| IF
1275000	| 00000138	|  ff010113	| IF
1275000	| 00000134	|  0000006f	| ID
1285000	| 0000013c	|  22220737	| IF
1285000	| 00000138	|  ff010113	| ID
1285000	| 00000134	|  0000006f	| EX
1295000	| 00000134	|  0000006f	| IF
1305000	| 00000138	|  ff010113	| IF
1305000	| 00000134	|  0000006f	| ID
1315000	| 0000013c	|  22220737	| IF
1315000	| 00000138	|  ff010113	| ID
1315000	| 00000134	|  0000006f	| EX
1325000	| 00000134	|  0000006f	| IF
1335000	| 00000138	|  ff010113	| IF
1335000	| 00000134	|  0000006f	| ID
1345000	| 0000013c	|  22220737	| IF
1345000	| 00000138	|  ff010113	| ID
1345000	| 00000134	|  0000006f	| EX
1355000	| 00000134	|  0000006f	| IF
1365000	| 00000138	|  ff010113	| IF
1365000	| 00000134	|  0000006f	| ID
1375000	| 0000013c	|  22220737	| IF
1375000	| 00000138	|  ff010113	| ID
1375000	| 00000134	|  0000006f	| EX
1385000	| 00000134	|  0000006f	| IF
1395000	| 00000138	|  ff010113	| IF
1395000	| 00000134	|  0000006f	| ID
1405000	| 0000013c	|  22220737	| IF
1405000	| 00000138	|  ff010113	| ID
1405000	| 00000134	|  0000006f	| EX
1415000	| 00000134	|  0000006f	| IF
1425000	| 00000138	|  ff010113	| IF
1425000	| 00000134	|  0000006f	| ID
1435000	| 0000013c	|  22220737	| IF
1435000	| 00000138	|  ff010113	| ID
1435000	| 00000134	|  0000006f	| EX
1445000	| 00000134	|  0000006f	| IF
1455000	| 00000138	|  ff010113	| IF
1455000	| 00000134	|  0000006f	| ID
1465000	| 0000013c	|  22220737	| IF
1465000	| 00000138	|  ff010113	| ID
1465000	| 00000134	|  0000006f	| EX
1475000	| 00000134	|  0000006f	| IF
1485000	| 00000138	|  ff010113	| IF
1485000	| 00000134	|  0000006f	| ID
1495000	| 0000013c	|  22220737	| IF
1495000	| 00000138	|  ff010113	| ID
1495000	| 00000134	|  0000006f	| EX
1505000	| 00000134	|  0000006f	| IF
1515000	| 00000138	|  ff010113	| IF
1515000	| 00000134	|  0000006f	| ID
1525000	| 0000013c	|  22220737	| IF
1525000	| 00000138	|  ff010113	| ID
1525000	| 00000134	|  0000006f	| EX
1535000	| 00000134	|  0000006f	| IF
1545000	| 00000138	|  ff010113	| IF
1545000	| 00000134	|  0000006f	| ID
1555000	| 0000013c	|  22220737	| IF
1555000	| 00000138	|  ff010113	| ID
1555000	| 00000134	|  0000006f	| EX
1565000	| 00000134	|  0000006f	| IF
1575000	| 00000138	|  ff010113	| IF
1575000	| 00000134	|  0000006f	| ID
1585000	| 0000013c	|  22220737	| IF
1585000	| 00000138	|  ff010113	| ID
1585000	| 00000134	|  0000006f	| EX
1595000	| 00000134	|  0000006f	| IF
1605000	| 00000138	|  ff010113	| IF
1605000	| 00000134	|  0000006f	| ID
1615000	| 0000013c	|  22220737	| IF
1615000	| 00000138	|  ff010113	| ID
1615000	| 00000134	|  0000006f	| EX
1625000	| 00000134	|  0000006f	| IF
1635000	| 00000138	|  ff010113	| IF
1635000	| 00000134	|  0000006f	| ID
1645000	| 0000013c	|  22220737	| IF
1645000	| 00000138	|  ff010113	| ID
1645000	| 00000134	|  0000006f	| EX
1655000	| 00000134	|  0000006f	| IF
1665000	| 00000138	|  ff010113	| IF
1665000	| 00000134	|  0000006f	| ID
1675000	| 0000013c	|  22220737	| IF
1675000	| 00000138	|  ff010113	| ID
1675000	| 00000134	|  0000006f	| EX
1685000	| 00000134	|  0000006f	| IF
1695000	| 00000138	|  ff010113	| IF
1695000	| 00000134	|  0000006f	| ID
1705000	| 0000013c	|  22220737	| IF
1705000	| 00000138	|  ff010113	| ID
1705000	| 00000134	|  0000006f	| EX
1715000	| 00000134	|  0000006f	| IF
1725000	| 00000138	|  ff010113	| IF
1725000	| 00000134	|  0000006f	| ID
1735000	| 0000013c	|  22220737	| IF
1735000	| 00000138	|  ff010113	| ID
1735000	| 00000134	|  0000006f	| EX
1745000	| 00000134	|  0000006f	| IF
1755000	| 00000138	|  ff010113	| IF
1755000	| 00000134	|  0000006f	| ID
1765000	| 0000013c	|  22220737	| IF
1765000	| 00000138	|  ff010113	| ID
1765000	| 00000134	|  0000006f	| EX
1775000	| 00000134	|  0000006f	| IF
1785000	| 00000138	|  ff010113	| IF
1785000	| 00000134	|  0000006f	| ID
1795000	| 0000013c	|  22220737	| IF
1795000	| 00000138	|  ff010113	| ID
1795000	| 00000134	|  0000006f	| EX
1805000	| 00000134	|  0000006f	| IF
1815000	| 00000138	|  ff010113	| IF
1815000	| 00000134	|  0000006f	| ID
1825000	| 0000013c	|  22220737	| IF
1825000	| 00000138	|  ff010113	| ID
1825000	| 00000134	|  0000006f	| EX
1835000	| 00000134	|  0000006f	| IF
1845000	| 00000138	|  ff010113	| IF
1845000	| 00000134	|  0000006f	| ID
1855000	| 0000013c	|  22220737	| IF
1855000	| 00000138	|  ff010113	| ID
1855000	| 00000134	|  0000006f	| EX
1865000	| 00000134	|  0000006f	| IF
1875000	| 00000138	|  ff010113	| IF
1875000	| 00000134	|  0000006f	| ID
1885000	| 0000013c	|  22220737	| IF
1885000	| 00000138	|  ff010113	| ID
1885000	| 00000134	|  0000006f	| EX
1895000	| 00000134	|  0000006f	| IF
1905000	| 00000138	|  ff010113	| IF
1905000	| 00000134	|  0000006f	| ID
1915000	| 0000013c	|  22220737	| IF
1915000	| 00000138	|  ff010113	| ID
1915000	| 00000134	|  0000006f	| EX
1925000	| 00000134	|  0000006f	| IF
1935000	| 00000138	|  ff010113	| IF
1935000	| 00000134	|  0000006f	| ID
1945000	| 0000013c	|  22220737	| IF
1945000	| 00000138	|  ff010113	| ID
1945000	| 00000134	|  0000006f	| EX
1955000	| 00000134	|  0000006f	| IF
1965000	| 00000138	|  ff010113	| IF
1965000	| 00000134	|  0000006f	| ID
1975000	| 0000013c	|  22220737	| IF
1975000	| 00000138	|  ff010113	| ID
1975000	| 00000134	|  0000006f	| EX
1985000	| 00000134	|  0000006f	| IF
1995000	| 00000138	|  ff010113	| IF
1995000	| 00000134	|  0000006f	| ID
========================================
Simulation finished at time 2005000
========================================

========================================
Register File Contents:
========================================
x1	= 0x00000168	(360)
x2	= 0x0000fef0	(65264)
x5	= 0x00000054	(84)
x10	= 0x00000020	(32)
x14	= 0x13579bdf	(324508639)
x15	= 0xdead0020	(-559087584)
x28	= 0x00000020	(32)
x29	= 0x00000001	(1)
========================================

user/sim/tb_CPU_TOP.sv:170: $finish called at 2005000 (1ps)
2005000	| 0000013c	|  22220737	| IF
