WARNING: user/src/IROM.sv:57: $readmemh(user/data/hex/rop_zicfiss_on.hex): Not enough words in the file for the requested range [0:16383].
WARNING: user/src/DRAM.sv:32: $readmemh: The behaviour for reg[...] mem[N:0]; $readmemh("...", mem); changed in the 1364-2005 standard. To avoid ambiguity, use mem[0:N] or explicit range parameters $readmemh("...", mem, start, stop);. Defaulting to 1364-2005 behavior.
WARNING: user/src/DRAM.sv:32: $readmemh(user/data/hex/rop_zicfiss_on.hex): Not enough words in the file for the requested range [0:16383].
DRAM: Loaded memory image from user/data/hex/rop_zicfiss_on.hex
VCD info: dumpfile prj/icarus/wave.vcd opened for output.
VCD warning: $dumpvars: Package ($unit) is not dumpable with VCD.
========================================
Time    |     PC    |Instruction| Stage
========================================
========================================
CPU Reset Released at time 5000
========================================
5000	| 00000000	|  00010117	| IF
15000	| 00000004	|  f0010113	| IF
15000	| 00000000	|  00010117	| ID
25000	| 00000008	|  00000297	| IF
25000	| 00000004	|  f0010113	| ID
25000	| 00000000	|  00010117	| EX
35000	| 0000000c	|  06028293	| IF
35000	| 00000008	|  00000297	| ID
35000	| 00000004	|  f0010113	| EX
45000	|  x2     <= 0x00010000 |[WB]
45000	| 00000010	|  30529073	| IF
45000	| 0000000c	|  06028293	| ID
45000	| 00000008	|  00000297	| EX
55000	| 00000014	|  00c00293	| IF
55000	| 00000010	|  30529073	| ID
55000	| 0000000c	|  06028293	| EX
55000	|  x2     <= 0x0000ff00 |[WB]
65000	|  x5     <= 0x00000008 |[WB]
65000	| 00000018	|  30a29073	| IF
65000	| 00000014	|  00c00293	| ID
65000	| 00000010	|  30529073	| EX
75000	| 0000001c	|  10a29073	| IF
75000	| 00000018	|  30a29073	| ID
75000	| 00000014	|  00c00293	| EX
75000	|  x5     <= 0x00000068 |[WB]
85000	| 00000020	|  000032b7	| IF
85000	| 0000001c	|  10a29073	| ID
85000	| 00000018	|  30a29073	| EX
95000	| 00000024	|  40028293	| IF
95000	| 00000020	|  000032b7	| ID
95000	| 0000001c	|  10a29073	| EX
95000	|  x5     <= 0x0000000c |[WB]
105000	| 00000028	|  01129073	| IF
105000	| 00000024	|  40028293	| ID
105000	| 00000020	|  000032b7	| EX
115000	| 0000002c	|  000022b7	| IF
115000	| 00000028	|  01129073	| ID
115000	| 00000024	|  40028293	| EX
125000	|  x5     <= 0x00003000 |[WB]
125000	| 00000030	|  80028293	| IF
125000	| 0000002c	|  000022b7	| ID
125000	| 00000028	|  01129073	| EX
135000	| 00000034	|  3002b073	| IF
135000	| 00000030	|  80028293	| ID
135000	| 0000002c	|  000022b7	| EX
135000	|  x5     <= 0x00003400 |[WB]
145000	| 00000038	|  000012b7	| IF
145000	| 00000034	|  3002b073	| ID
145000	| 00000030	|  80028293	| EX
155000	| 0000003c	|  80028293	| IF
155000	| 00000038	|  000012b7	| ID
155000	| 00000034	|  3002b073	| EX
155000	|  x5     <= 0x00002000 |[WB]
165000	|  x5     <= 0x00001800 |[WB]
165000	| 00000040	|  3002a073	| IF
165000	| 0000003c	|  80028293	| ID
165000	| 00000038	|  000012b7	| EX
175000	| 00000044	|  00000297	| IF
175000	| 00000040	|  3002a073	| ID
175000	| 0000003c	|  80028293	| EX
185000	|  x5     <= 0x00001000 |[WB]
185000	| 00000048	|  01028293	| IF
185000	| 00000044	|  00000297	| ID
185000	| 00000040	|  3002a073	| EX
195000	| 0000004c	|  34129073	| IF
195000	| 00000048	|  01028293	| ID
195000	| 00000044	|  00000297	| EX
195000	|  x5     <= 0x00000800 |[WB]
205000	| 00000050	|  30200073	| IF
205000	| 0000004c	|  34129073	| ID
205000	| 00000048	|  01028293	| EX
215000	| 00000054	|  00010117	| IF
215000	| 00000050	|  30200073	| ID
215000	| 0000004c	|  34129073	| EX
215000	|  x5     <= 0x00000044 |[WB]
225000	|  x5     <= 0x00000054 |[WB]
225000	| 00000058	|  eac10113	| IF
225000	| 00000054	|  00010117	| ID
225000	| 00000050	|  30200073	| EX
235000	| 00000054	|  00010117	| IF
245000	| 00000058	|  eac10113	| IF
245000	| 00000054	|  00010117	| ID
255000	| 0000005c	|  0f8000ef	| IF
255000	| 00000058	|  eac10113	| ID
255000	| 00000054	|  00010117	| EX
265000	| 00000060	|  02000513	| IF
265000	| 0000005c	|  0f8000ef	| ID
265000	| 00000058	|  eac10113	| EX
275000	| 00000064	|  0d80006f	| IF
275000	| 00000060	|  02000513	| ID
275000	| 0000005c	|  0f8000ef	| EX
275000	|  x2     <= 0x00010054 |[WB]
285000	|  x2     <= 0x0000ff00 |[WB]
285000	| 00000154	|  ce104073	| IF
295000	| 00000158	|  ff010113	| IF
295000	| 00000154	|  ce104073	| ID
295000	|  x1     <= 0x00000060 |[WB]
305000	| 0000015c	|  22220737	| IF
305000	| 00000158	|  ff010113	| ID
305000	| 00000154	|  ce104073	| EX
315000	| 0000015c	|  22220737	| IF
315000	| 00000158	|  ff010113	| ID
315000	| 0x0cff <|  0x00000060 |[MEM W] (we=1111)
325000	| 0000015c	|  22220737	| IF
325000	| 00000158	|  ff010113	| ID
335000	| 0000015c	|  22220737	| IF
335000	| 00000158	|  ff010113	| ID
345000	| 00000160	|  18e02a23	| IF
345000	| 0000015c	|  22220737	| ID
345000	| 00000158	|  ff010113	| EX
355000	| 00000164	|  00812423	| IF
355000	| 00000160	|  18e02a23	| ID
355000	| 0000015c	|  22220737	| EX
365000	|  x2     <= 0x0000fef0 |[WB]
365000	| 00000168	|  02800513	| IF
365000	| 00000164	|  00812423	| ID
365000	| 00000160	|  18e02a23	| EX
375000	| 0000016c	|  00112623	| IF
375000	| 00000168	|  02800513	| ID
375000	| 00000164	|  00812423	| EX
375000	| 0x0065 <|  0x22220000 |[MEM W] (we=1111)
375000	|  x14    <= 0x22220000 |[WB]
385000	| 00000170	|  18002c23	| IF
385000	| 0000016c	|  00112623	| ID
385000	| 00000168	|  02800513	| EX
385000	| 0x3fbe <|  0xxxxxxxxx |[MEM W] (we=1111)
395000	| 00000174	|  f59ff0ef	| IF
395000	| 00000170	|  18002c23	| ID
395000	| 0000016c	|  00112623	| EX
405000	|  x10    <= 0x00000028 |[WB]
405000	| 00000178	|  00400793	| IF
405000	| 00000174	|  f59ff0ef	| ID
405000	| 00000170	|  18002c23	| EX
405000	| 0x3fbf <|  0x00000060 |[MEM W] (we=1111)
415000	| 0000017c	|  02000513	| IF
415000	| 00000178	|  00400793	| ID
415000	| 00000174	|  f59ff0ef	| EX
415000	| 0x0066 <|  0x00000000 |[MEM W] (we=1111)
425000	| 000000cc	|  ce104073	| IF
435000	| 000000d0	|  ff010113	| IF
435000	| 000000cc	|  ce104073	| ID
435000	|  x1     <= 0x00000178 |[WB]
445000	| 000000d4	|  00812423	| IF
445000	| 000000d0	|  ff010113	| ID
445000	| 000000cc	|  ce104073	| EX
455000	| 000000d4	|  00812423	| IF
455000	| 000000d0	|  ff010113	| ID
455000	| 0x0cfe <|  0x00000178 |[MEM W] (we=1111)
465000	| 000000d4	|  00812423	| IF
465000	| 000000d0	|  ff010113	| ID
475000	| 000000d4	|  00812423	| IF
475000	| 000000d0	|  ff010113	| ID
485000	| 000000d8	|  00200793	| IF
485000	| 000000d4	|  00812423	| ID
485000	| 000000d0	|  ff010113	| EX
495000	| 000000dc	|  00112623	| IF
495000	| 000000d8	|  00200793	| ID
495000	| 000000d4	|  00812423	| EX
505000	|  x2     <= 0x0000fee0 |[WB]
505000	| 000000e0	|  00912223	| IF
505000	| 000000dc	|  00112623	| ID
505000	| 000000d8	|  00200793	| EX
505000	| 0x3fba <|  0xxxxxxxxx |[MEM W] (we=1111)
515000	| 000000e4	|  18f02c23	| IF
515000	| 000000e0	|  00912223	| ID
515000	| 000000dc	|  00112623	| EX
525000	|  x15    <= 0x00000002 |[WB]
525000	| 000000e8	|  fd5ff0ef	| IF
525000	| 000000e4	|  18f02c23	| ID
525000	| 000000e0	|  00912223	| EX
525000	| 0x3fbb <|  0x00000178 |[MEM W] (we=1111)
535000	| 000000ec	|  00050493	| IF
535000	| 000000e8	|  fd5ff0ef	| ID
535000	| 000000e4	|  18f02c23	| EX
535000	| 0x3fb9 <|  0xxxxxxxxx |[MEM W] (we=1111)
545000	| 000000f0	|  fc5ff0ef	| IF
545000	| 000000ec	|  00050493	| ID
545000	| 000000e8	|  fd5ff0ef	| EX
545000	| 0x0066 <|  0x00000002 |[MEM W] (we=1111)
555000	| 000000bc	|  00100713	| IF
565000	|  x1     <= 0x000000ec |[WB]
565000	| 000000c0	|  00e50533	| IF
565000	| 000000bc	|  00100713	| ID
575000	| 000000c4	|  18e02c23	| IF
575000	| 000000c0	|  00e50533	| ID
575000	| 000000bc	|  00100713	| EX
585000	| 000000c8	|  00008067	| IF
585000	| 000000c4	|  18e02c23	| ID
585000	| 000000c0	|  00e50533	| EX
595000	| 000000cc	|  ce104073	| IF
595000	| 000000c8	|  00008067	| ID
595000	| 000000c4	|  18e02c23	| EX
595000	|  x14    <= 0x00000001 |[WB]
605000	|  x10    <= 0x00000029 |[WB]
605000	| 000000d0	|  ff010113	| IF
605000	| 000000cc	|  ce104073	| ID
605000	| 000000c8	|  00008067	| EX
605000	| 0x0066 <|  0x00000001 |[MEM W] (we=1111)
615000	| 000000ec	|  00050493	| IF
625000	| 000000f0	|  fc5ff0ef	| IF
625000	| 000000ec	|  00050493	| ID
635000	| 000000f4	|  18a02823	| IF
635000	| 000000f0	|  fc5ff0ef	| ID
635000	| 000000ec	|  00050493	| EX
645000	| 000000f8	|  19002783	| IF
645000	| 000000f4	|  18a02823	| ID
645000	| 000000f0	|  fc5ff0ef	| EX
655000	| 000000b4	|  cdc04573	| IF
655000	|  x9     <= 0x00000029 |[WB]
665000	|  x1     <= 0x000000f4 |[WB]
665000	| 000000b8	|  00008067	| IF
665000	| 000000b4	|  cdc04573	| ID
675000	| 000000bc	|  00100713	| IF
675000	| 000000b8	|  00008067	| ID
675000	| 000000b4	|  cdc04573	| EX
685000	| 000000c0	|  00e50533	| IF
685000	| 000000bc	|  00100713	| ID
685000	| 000000b8	|  00008067	| EX
695000	| 000000f4	|  18a02823	| IF
695000	|  x10    <= 0x000033f8 |[WB]
705000	| 000000f8	|  19002783	| IF
705000	| 000000f4	|  18a02823	| ID
715000	| 000000fc	|  1357a737	| IF
715000	| 000000f8	|  19002783	| ID
715000	| 000000f4	|  18a02823	| EX
725000	| 00000100	|  0007a583	| IF
725000	| 000000fc	|  1357a737	| ID
725000	| 000000f8	|  19002783	| EX
725000	| 0x0064 <|  0x000033f8 |[MEM W] (we=1111)
735000	| 00000104	|  bdf70713	| IF
735000	| 00000100	|  0007a583	| ID
735000	| 000000fc	|  1357a737	| EX
745000	|  x15    <= 0x000033f8 |[WB]
745000	| 00000104	|  bdf70713	| IF
745000	| 00000100	|  0007a583	| ID
745000	| 0xxxxx  |> 0x000033f8 |[MEM R]
755000	| 00000108	|  18b02623	| IF
755000	| 00000104	|  bdf70713	| ID
755000	| 00000100	|  0007a583	| EX
755000	|  x14    <= 0x1357a000 |[WB]
765000	| 0000010c	|  00e7a023	| IF
765000	| 00000108	|  18b02623	| ID
765000	| 00000104	|  bdf70713	| EX
775000	| 0000010c	|  00e7a023	| IF
775000	| 00000108	|  18b02623	| ID
775000	| 0xe6f7  |> 0x00000178 |[MEM R]
775000	|  x11    <= 0x00000178 |[WB]
785000	|  x14    <= 0x13579bdf |[WB]
785000	| 00000110	|  0007a703	| IF
785000	| 0000010c	|  00e7a023	| ID
785000	| 00000108	|  18b02623	| EX
795000	| 00000114	|  00300793	| IF
795000	| 00000110	|  0007a703	| ID
795000	| 0000010c	|  00e7a023	| EX
795000	| 0x0063 <|  0x00000178 |[MEM W] (we=1111)
805000	| 00000118	|  00c12283	| IF
805000	| 00000114	|  00300793	| ID
805000	| 00000110	|  0007a703	| EX
805000	| 0x0cfe <|  0x13579bdf |[MEM W] (we=1111)
815000	| 0000011c	|  18e02423	| IF
815000	| 00000118	|  00c12283	| ID
815000	| 00000114	|  00300793	| EX
825000	|  x14    <= 0x13579bdf |[WB]
825000	| 00000120	|  18f02c23	| IF
825000	| 0000011c	|  18e02423	| ID
825000	| 00000118	|  00c12283	| EX
825000	| 0x0000  |> 0x13579bdf |[MEM R]
835000	| 00000124	|  00812403	| IF
835000	| 00000120	|  18f02c23	| ID
835000	| 0000011c	|  18e02423	| EX
835000	|  x15    <= 0x00000003 |[WB]
845000	|  x5     <= 0x00000178 |[WB]
845000	| 00000128	|  00148513	| IF
845000	| 00000124	|  00812403	| ID
845000	| 00000120	|  18f02c23	| EX
845000	| 0x0062 <|  0x13579bdf |[MEM W] (we=1111)
855000	| 0000012c	|  00412483	| IF
855000	| 00000128	|  00148513	| ID
855000	| 00000124	|  00812403	| EX
855000	| 0x0066 <|  0x00000003 |[MEM W] (we=1111)
865000	| 00000130	|  01010113	| IF
865000	| 0000012c	|  00412483	| ID
865000	| 00000128	|  00148513	| EX
875000	| 00000134	|  cdc2c073	| IF
875000	| 00000130	|  01010113	| ID
875000	| 0000012c	|  00412483	| EX
875000	| 0x000a  |> 0xxxxxxxxx |[MEM R]
875000	|  x8     <= 0xxxxxxxxx |[WB]
885000	|  x10    <= 0x0000002a |[WB]
885000	| 00000138	|  00028067	| IF
885000	| 00000134	|  cdc2c073	| ID
885000	| 00000130	|  01010113	| EX
895000	| 0000013c	|  dead07b7	| IF
895000	| 00000138	|  00028067	| ID
895000	| 00000134	|  cdc2c073	| EX
895000	| 0x3fbc  |> 0xxxxxxxxx |[MEM R]
895000	|  x9     <= 0xxxxxxxxx |[WB]
905000	|  x2     <= 0x0000fef0 |[WB]
905000	| 0000013c	|  dead07b7	| IF
905000	| 00000138	|  00028067	| ID
915000	| 0000013c	|  dead07b7	| IF
915000	| 00000138	|  00028067	| ID
925000	| 00000068	|  342022f3	| IF
935000	| 0000006c	|  34102373	| IF
935000	| 00000068	|  342022f3	| ID
945000	| 00000070	|  343023f3	| IF
945000	| 0000006c	|  34102373	| ID
945000	| 00000068	|  342022f3	| EX
955000	| 00000074	|  00028293	| IF
955000	| 00000070	|  343023f3	| ID
955000	| 0000006c	|  34102373	| EX
965000	|  x5     <= 0x00000012 |[WB]
965000	| 00000078	|  00030313	| IF
965000	| 00000074	|  00028293	| ID
965000	| 00000070	|  343023f3	| EX
975000	| 0000007c	|  00038393	| IF
975000	| 00000078	|  00030313	| ID
975000	| 00000074	|  00028293	| EX
975000	|  x6     <= 0x00000134 |[WB]
985000	|  x7     <= 0x00000003 |[WB]
985000	| 00000080	|  01200e13	| IF
985000	| 0000007c	|  00038393	| ID
985000	| 00000078	|  00030313	| EX
995000	| 00000084	|  01c29c63	| IF
995000	| 00000080	|  01200e13	| ID
995000	| 0000007c	|  00038393	| EX
995000	|  x5     <= 0x00000012 |[WB]
1005000	|  x6     <= 0x00000134 |[WB]
1005000	| 00000088	|  00300e13	| IF
1005000	| 00000084	|  01c29c63	| ID
1005000	| 00000080	|  01200e13	| EX
1015000	| 0000008c	|  01c39e63	| IF
1015000	| 00000088	|  00300e13	| ID
1015000	| 00000084	|  01c29c63	| EX
1015000	|  x7     <= 0x00000003 |[WB]
1025000	|  x28    <= 0x00000012 |[WB]
1025000	| 00000090	|  00100e13	| IF
1025000	| 0000008c	|  01c39e63	| ID
1025000	| 00000088	|  00300e13	| EX
1035000	| 00000094	|  00000e93	| IF
1035000	| 00000090	|  00100e13	| ID
1035000	| 0000008c	|  01c39e63	| EX
1045000	|  x28    <= 0x00000003 |[WB]
1045000	| 00000098	|  0000006f	| IF
1045000	| 00000094	|  00000e93	| ID
1045000	| 00000090	|  00100e13	| EX
1055000	| 0000009c	|  0e100e13	| IF
1055000	| 00000098	|  0000006f	| ID
1055000	| 00000094	|  00000e93	| EX
1065000	|  x28    <= 0x00000001 |[WB]
1065000	| 000000a0	|  00100e93	| IF
1065000	| 0000009c	|  0e100e13	| ID
1065000	| 00000098	|  0000006f	| EX
1075000	| 00000098	|  0000006f	| IF
1075000	|  x29    <= 0x00000000 |[WB]
1085000	| 0000009c	|  0e100e13	| IF
1085000	| 00000098	|  0000006f	| ID
1095000	| 000000a0	|  00100e93	| IF
1095000	| 0000009c	|  0e100e13	| ID
1095000	| 00000098	|  0000006f	| EX
1105000	| 00000098	|  0000006f	| IF
1115000	| 0000009c	|  0e100e13	| IF
1115000	| 00000098	|  0000006f	| ID
1125000	| 000000a0	|  00100e93	| IF
1125000	| 0000009c	|  0e100e13	| ID
1125000	| 00000098	|  0000006f	| EX
1135000	| 00000098	|  0000006f	| IF
1145000	| 0000009c	|  0e100e13	| IF
1145000	| 00000098	|  0000006f	| ID
1155000	| 000000a0	|  00100e93	| IF
1155000	| 0000009c	|  0e100e13	| ID
1155000	| 00000098	|  0000006f	| EX
1165000	| 00000098	|  0000006f	| IF
1175000	| 0000009c	|  0e100e13	| IF
1175000	| 00000098	|  0000006f	| ID
1185000	| 000000a0	|  00100e93	| IF
1185000	| 0000009c	|  0e100e13	| ID
1185000	| 00000098	|  0000006f	| EX
1195000	| 00000098	|  0000006f	| IF
1205000	| 0000009c	|  0e100e13	| IF
1205000	| 00000098	|  0000006f	| ID
1215000	| 000000a0	|  00100e93	| IF
1215000	| 0000009c	|  0e100e13	| ID
1215000	| 00000098	|  0000006f	| EX
1225000	| 00000098	|  0000006f	| IF
1235000	| 0000009c	|  0e100e13	| IF
1235000	| 00000098	|  0000006f	| ID
1245000	| 000000a0	|  00100e93	| IF
1245000	| 0000009c	|  0e100e13	| ID
1245000	| 00000098	|  0000006f	| EX
1255000	| 00000098	|  0000006f	| IF
1265000	| 0000009c	|  0e100e13	| IF
1265000	| 00000098	|  0000006f	| ID
1275000	| 000000a0	|  00100e93	| IF
1275000	| 0000009c	|  0e100e13	| ID
1275000	| 00000098	|  0000006f	| EX
1285000	| 00000098	|  0000006f	| IF
1295000	| 0000009c	|  0e100e13	| IF
1295000	| 00000098	|  0000006f	| ID
1305000	| 000000a0	|  00100e93	| IF
1305000	| 0000009c	|  0e100e13	| ID
1305000	| 00000098	|  0000006f	| EX
1315000	| 00000098	|  0000006f	| IF
1325000	| 0000009c	|  0e100e13	| IF
1325000	| 00000098	|  0000006f	| ID
1335000	| 000000a0	|  00100e93	| IF
1335000	| 0000009c	|  0e100e13	| ID
1335000	| 00000098	|  0000006f	| EX
1345000	| 00000098	|  0000006f	| IF
1355000	| 0000009c	|  0e100e13	| IF
1355000	| 00000098	|  0000006f	| ID
1365000	| 000000a0	|  00100e93	| IF
1365000	| 0000009c	|  0e100e13	| ID
1365000	| 00000098	|  0000006f	| EX
1375000	| 00000098	|  0000006f	| IF
1385000	| 0000009c	|  0e100e13	| IF
1385000	| 00000098	|  0000006f	| ID
1395000	| 000000a0	|  00100e93	| IF
1395000	| 0000009c	|  0e100e13	| ID
1395000	| 00000098	|  0000006f	| EX
1405000	| 00000098	|  0000006f	| IF
1415000	| 0000009c	|  0e100e13	| IF
1415000	| 00000098	|  0000006f	| ID
1425000	| 000000a0	|  00100e93	| IF
1425000	| 0000009c	|  0e100e13	| ID
1425000	| 00000098	|  0000006f	| EX
1435000	| 00000098	|  0000006f	| IF
1445000	| 0000009c	|  0e100e13	| IF
1445000	| 00000098	|  0000006f	| ID
1455000	| 000000a0	|  00100e93	| IF
1455000	| 0000009c	|  0e100e13	| ID
1455000	| 00000098	|  0000006f	| EX
1465000	| 00000098	|  0000006f	| IF
1475000	| 0000009c	|  0e100e13	| IF
1475000	| 00000098	|  0000006f	| ID
1485000	| 000000a0	|  00100e93	| IF
1485000	| 0000009c	|  0e100e13	| ID
1485000	| 00000098	|  0000006f	| EX
1495000	| 00000098	|  0000006f	| IF
1505000	| 0000009c	|  0e100e13	| IF
1505000	| 00000098	|  0000006f	| ID
1515000	| 000000a0	|  00100e93	| IF
1515000	| 0000009c	|  0e100e13	| ID
1515000	| 00000098	|  0000006f	| EX
1525000	| 00000098	|  0000006f	| IF
1535000	| 0000009c	|  0e100e13	| IF
1535000	| 00000098	|  0000006f	| ID
1545000	| 000000a0	|  00100e93	| IF
1545000	| 0000009c	|  0e100e13	| ID
1545000	| 00000098	|  0000006f	| EX
1555000	| 00000098	|  0000006f	| IF
1565000	| 0000009c	|  0e100e13	| IF
1565000	| 00000098	|  0000006f	| ID
1575000	| 000000a0	|  00100e93	| IF
1575000	| 0000009c	|  0e100e13	| ID
1575000	| 00000098	|  0000006f	| EX
1585000	| 00000098	|  0000006f	| IF
1595000	| 0000009c	|  0e100e13	| IF
1595000	| 00000098	|  0000006f	| ID
1605000	| 000000a0	|  00100e93	| IF
1605000	| 0000009c	|  0e100e13	| ID
1605000	| 00000098	|  0000006f	| EX
1615000	| 00000098	|  0000006f	| IF
1625000	| 0000009c	|  0e100e13	| IF
1625000	| 00000098	|  0000006f	| ID
1635000	| 000000a0	|  00100e93	| IF
1635000	| 0000009c	|  0e100e13	| ID
1635000	| 00000098	|  0000006f	| EX
1645000	| 00000098	|  0000006f	| IF
1655000	| 0000009c	|  0e100e13	| IF
1655000	| 00000098	|  0000006f	| ID
1665000	| 000000a0	|  00100e93	| IF
1665000	| 0000009c	|  0e100e13	| ID
1665000	| 00000098	|  0000006f	| EX
1675000	| 00000098	|  0000006f	| IF
1685000	| 0000009c	|  0e100e13	| IF
1685000	| 00000098	|  0000006f	| ID
1695000	| 000000a0	|  00100e93	| IF
1695000	| 0000009c	|  0e100e13	| ID
1695000	| 00000098	|  0000006f	| EX
1705000	| 00000098	|  0000006f	| IF
1715000	| 0000009c	|  0e100e13	| IF
1715000	| 00000098	|  0000006f	| ID
1725000	| 000000a0	|  00100e93	| IF
1725000	| 0000009c	|  0e100e13	| ID
1725000	| 00000098	|  0000006f	| EX
1735000	| 00000098	|  0000006f	| IF
1745000	| 0000009c	|  0e100e13	| IF
1745000	| 00000098	|  0000006f	| ID
1755000	| 000000a0	|  00100e93	| IF
1755000	| 0000009c	|  0e100e13	| ID
1755000	| 00000098	|  0000006f	| EX
1765000	| 00000098	|  0000006f	| IF
1775000	| 0000009c	|  0e100e13	| IF
1775000	| 00000098	|  0000006f	| ID
1785000	| 000000a0	|  00100e93	| IF
1785000	| 0000009c	|  0e100e13	| ID
1785000	| 00000098	|  0000006f	| EX
1795000	| 00000098	|  0000006f	| IF
1805000	| 0000009c	|  0e100e13	| IF
1805000	| 00000098	|  0000006f	| ID
1815000	| 000000a0	|  00100e93	| IF
1815000	| 0000009c	|  0e100e13	| ID
1815000	| 00000098	|  0000006f	| EX
1825000	| 00000098	|  0000006f	| IF
1835000	| 0000009c	|  0e100e13	| IF
1835000	| 00000098	|  0000006f	| ID
1845000	| 000000a0	|  00100e93	| IF
1845000	| 0000009c	|  0e100e13	| ID
1845000	| 00000098	|  0000006f	| EX
1855000	| 00000098	|  0000006f	| IF
1865000	| 0000009c	|  0e100e13	| IF
1865000	| 00000098	|  0000006f	| ID
1875000	| 000000a0	|  00100e93	| IF
1875000	| 0000009c	|  0e100e13	| ID
1875000	| 00000098	|  0000006f	| EX
1885000	| 00000098	|  0000006f	| IF
1895000	| 0000009c	|  0e100e13	| IF
1895000	| 00000098	|  0000006f	| ID
1905000	| 000000a0	|  00100e93	| IF
1905000	| 0000009c	|  0e100e13	| ID
1905000	| 00000098	|  0000006f	| EX
1915000	| 00000098	|  0000006f	| IF
1925000	| 0000009c	|  0e100e13	| IF
1925000	| 00000098	|  0000006f	| ID
1935000	| 000000a0	|  00100e93	| IF
1935000	| 0000009c	|  0e100e13	| ID
1935000	| 00000098	|  0000006f	| EX
1945000	| 00000098	|  0000006f	| IF
1955000	| 0000009c	|  0e100e13	| IF
1955000	| 00000098	|  0000006f	| ID
1965000	| 000000a0	|  00100e93	| IF
1965000	| 0000009c	|  0e100e13	| ID
1965000	| 00000098	|  0000006f	| EX
1975000	| 00000098	|  0000006f	| IF
1985000	| 0000009c	|  0e100e13	| IF
1985000	| 00000098	|  0000006f	| ID
1995000	| 000000a0	|  00100e93	| IF
1995000	| 0000009c	|  0e100e13	| ID
1995000	| 00000098	|  0000006f	| EX
========================================
Simulation finished at time 2005000
========================================

========================================
Register File Contents:
========================================
x1	= 0x000000f4	(244)
x2	= 0x0000fef0	(65264)
x5	= 0x00000012	(18)
x6	= 0x00000134	(308)
x7	= 0x00000003	(3)
x10	= 0x0000002a	(42)
x11	= 0x00000178	(376)
x14	= 0x13579bdf	(324508639)
x15	= 0x00000003	(3)
x28	= 0x00000001	(1)
========================================

user/sim/tb_CPU_TOP.sv:170: $finish called at 2005000 (1ps)
2005000	| 00000098	|  0000006f	| IF
